<?xml version="1.0" encoding="UTF-8"?>
<!-- Generated by org.testng.reporters.JUnitXMLReporter -->
<testsuite hostname="TYSS-MF-029" name="Regression3" tests="42" failures="3" timestamp="29 Jun 2017 11:47:16 GMT" time="4554.217" errors="0">
  <testcase name="sampleDatabaseTest" time="44.801" classname="com.liqvid.scripts.StudentFunctionalTest"/>
  <testcase name="verifyStudentHomePage" time="56.632" classname="com.liqvid.scripts.StudentFunctionalTest">
    <failure type="com.kirwa.nxgreport.exceptions.NXGReporterStepFailedException">
      <![CDATA[[KIRWA Custom Reporter Step Failed Exception]
	at com.liqvid.library.MyNXGTestListner.onTestSuccess(MyNXGTestListner.java:96)
	at java.util.concurrent.FutureTask.run(Unknown Source)
	at java.util.concurrent.ThreadPoolExecutor.runWorker(Unknown Source)
	at java.util.concurrent.ThreadPoolExecutor$Worker.run(Unknown Source)
	at java.lang.Thread.run(Unknown Source)
... Removed 13 stack frames]]>
    </failure>
  </testcase> <!-- verifyStudentHomePage -->
  <testcase name="verifyUploadPhotoStudentProfile" time="36.742" classname="com.liqvid.scripts.StudentFunctionalTest"/>
  <testcase name="verifyInvalidOldPwd" time="25.556" classname="com.liqvid.scripts.StudentFunctionalTest"/>
  <testcase name="functionalityofChangePassword" time="35.917" classname="com.liqvid.scripts.StudentFunctionalTest">
    <failure type="com.kirwa.nxgreport.exceptions.NXGReporterStepFailedException">
      <![CDATA[[KIRWA Custom Reporter Step Failed Exception]
	at com.liqvid.library.MyNXGTestListner.onTestSuccess(MyNXGTestListner.java:96)
	at java.util.concurrent.FutureTask.run(Unknown Source)
	at java.util.concurrent.ThreadPoolExecutor.runWorker(Unknown Source)
	at java.util.concurrent.ThreadPoolExecutor$Worker.run(Unknown Source)
	at java.lang.Thread.run(Unknown Source)
... Removed 13 stack frames]]>
    </failure>
  </testcase> <!-- functionalityofChangePassword -->
  <testcase name="verifyInvalidEmailidPhoneNumber" time="24.076" classname="com.liqvid.scripts.StudentFunctionalTest"/>
  <testcase name="verifyErrorMessageInProfile" time="34.327" classname="com.liqvid.scripts.StudentFunctionalTest"/>
  <testcase name="verifyPreAssessmentNextPrevBackBtn" time="670.65" classname="com.liqvid.scripts.StudentFunctionalTest">
    <failure type="org.openqa.selenium.ElementNotVisibleException" message="Element is not currently visible and so may not be interacted with
Command duration or timeout: 10.05 seconds
Build info: version: &amp;apos;2.53.1&amp;apos;, revision: &amp;apos;a36b8b1cd5757287168e54b817830adce9b0158d&amp;apos;, time: &amp;apos;2016-06-30 19:26:09&amp;apos;
System info: host: &amp;apos;TYSS-MF-029&amp;apos;, ip: &amp;apos;10.10.11.174&amp;apos;, os.name: &amp;apos;Windows 10&amp;apos;, os.arch: &amp;apos;amd64&amp;apos;, os.version: &amp;apos;10.0&amp;apos;, java.version: &amp;apos;1.8.0_73&amp;apos;
Driver info: org.openqa.selenium.firefox.FirefoxDriver
Capabilities [{applicationCacheEnabled=true, rotatable=false, handlesAlerts=true, databaseEnabled=true, version=45.0, platform=WINDOWS, nativeEvents=false, acceptSslCerts=true, webStorageEnabled=true, locationContextEnabled=true, browserName=firefox, takesScreenshot=true, javascriptEnabled=true, cssSelectorsEnabled=true}]
Session ID: 496f04e1-e826-4ee7-902c-83a660e1b009">
      <![CDATA[org.openqa.selenium.ElementNotVisibleException: Element is not currently visible and so may not be interacted with
Command duration or timeout: 10.05 seconds
Build info: version: '2.53.1', revision: 'a36b8b1cd5757287168e54b817830adce9b0158d', time: '2016-06-30 19:26:09'
System info: host: 'TYSS-MF-029', ip: '10.10.11.174', os.name: 'Windows 10', os.arch: 'amd64', os.version: '10.0', java.version: '1.8.0_73'
Driver info: org.openqa.selenium.firefox.FirefoxDriver
Capabilities [{applicationCacheEnabled=true, rotatable=false, handlesAlerts=true, databaseEnabled=true, version=45.0, platform=WINDOWS, nativeEvents=false, acceptSslCerts=true, webStorageEnabled=true, locationContextEnabled=true, browserName=firefox, takesScreenshot=true, javascriptEnabled=true, cssSelectorsEnabled=true}]
Session ID: 496f04e1-e826-4ee7-902c-83a660e1b009
	at org.openqa.selenium.remote.ErrorHandler.createThrowable(ErrorHandler.java:206)
	at org.openqa.selenium.remote.ErrorHandler.throwIfResponseFailed(ErrorHandler.java:158)
	at org.openqa.selenium.remote.RemoteWebDriver.execute(RemoteWebDriver.java:678)
	at org.openqa.selenium.remote.RemoteWebElement.execute(RemoteWebElement.java:327)
	at org.openqa.selenium.remote.RemoteWebElement.click(RemoteWebElement.java:85)
	at org.openqa.selenium.support.pagefactory.internal.LocatingElementHandler.invoke(LocatingElementHandler.java:51)
	at com.sun.proxy.$Proxy8.click(Unknown Source)
	at com.liqvid.scripts.StudentFunctionalTest.verifyPreAssessmentNextPrevBackBtn(StudentFunctionalTest.java:426)
	at java.util.concurrent.FutureTask.run(Unknown Source)
	at java.util.concurrent.ThreadPoolExecutor.runWorker(Unknown Source)
	at java.util.concurrent.ThreadPoolExecutor$Worker.run(Unknown Source)
	at java.lang.Thread.run(Unknown Source)
Caused by: org.openqa.selenium.ElementNotVisibleException: Element is not currently visible and so may not be interacted with
Build info: version: '2.53.1', revision: 'a36b8b1cd5757287168e54b817830adce9b0158d', time: '2016-06-30 19:26:09'
System info: host: 'TYSS-MF-029', ip: '10.10.11.174', os.name: 'Windows 10', os.arch: 'amd64', os.version: '10.0', java.version: '1.8.0_73'
Driver info: driver.version: unknown
	at <anonymous class>.fxdriver.preconditions.visible(file:///C:/Users/ADMINI~1/AppData/Local/Temp/anonymous8478126877821184773webdriver-profile/extensions/fxdriver@googlecode.com/components/command-processor.js:10092)
	at <anonymous class>.DelayedCommand.prototype.checkPreconditions_(file:///C:/Users/ADMINI~1/AppData/Local/Temp/anonymous8478126877821184773webdriver-profile/extensions/fxdriver@googlecode.com/components/command-processor.js:12644)
	at <anonymous class>.DelayedCommand.prototype.executeInternal_/h(file:///C:/Users/ADMINI~1/AppData/Local/Temp/anonymous8478126877821184773webdriver-profile/extensions/fxdriver@googlecode.com/components/command-processor.js:12661)
	at <anonymous class>.fxdriver.Timer.prototype.setTimeout/<.notify(file:///C:/Users/ADMINI~1/AppData/Local/Temp/anonymous8478126877821184773webdriver-profile/extensions/fxdriver@googlecode.com/components/command-processor.js:625)
... Removed 23 stack frames]]>
    </failure>
  </testcase> <!-- verifyPreAssessmentNextPrevBackBtn -->
  <testcase name="verifyPostAssessmentNextPrevBtn" time="661.79" classname="com.liqvid.scripts.StudentFunctionalTest">
    <failure type="org.openqa.selenium.ElementNotVisibleException" message="Element is not currently visible and so may not be interacted with
Command duration or timeout: 10.06 seconds
Build info: version: &amp;apos;2.53.1&amp;apos;, revision: &amp;apos;a36b8b1cd5757287168e54b817830adce9b0158d&amp;apos;, time: &amp;apos;2016-06-30 19:26:09&amp;apos;
System info: host: &amp;apos;TYSS-MF-029&amp;apos;, ip: &amp;apos;10.10.11.174&amp;apos;, os.name: &amp;apos;Windows 10&amp;apos;, os.arch: &amp;apos;amd64&amp;apos;, os.version: &amp;apos;10.0&amp;apos;, java.version: &amp;apos;1.8.0_73&amp;apos;
Driver info: org.openqa.selenium.firefox.FirefoxDriver
Capabilities [{applicationCacheEnabled=true, rotatable=false, handlesAlerts=true, databaseEnabled=true, version=45.0, platform=WINDOWS, nativeEvents=false, acceptSslCerts=true, webStorageEnabled=true, locationContextEnabled=true, browserName=firefox, takesScreenshot=true, javascriptEnabled=true, cssSelectorsEnabled=true}]
Session ID: 630d16fc-e41a-4fa7-994d-814f1426f065">
      <![CDATA[org.openqa.selenium.ElementNotVisibleException: Element is not currently visible and so may not be interacted with
Command duration or timeout: 10.06 seconds
Build info: version: '2.53.1', revision: 'a36b8b1cd5757287168e54b817830adce9b0158d', time: '2016-06-30 19:26:09'
System info: host: 'TYSS-MF-029', ip: '10.10.11.174', os.name: 'Windows 10', os.arch: 'amd64', os.version: '10.0', java.version: '1.8.0_73'
Driver info: org.openqa.selenium.firefox.FirefoxDriver
Capabilities [{applicationCacheEnabled=true, rotatable=false, handlesAlerts=true, databaseEnabled=true, version=45.0, platform=WINDOWS, nativeEvents=false, acceptSslCerts=true, webStorageEnabled=true, locationContextEnabled=true, browserName=firefox, takesScreenshot=true, javascriptEnabled=true, cssSelectorsEnabled=true}]
Session ID: 630d16fc-e41a-4fa7-994d-814f1426f065
	at org.openqa.selenium.remote.ErrorHandler.createThrowable(ErrorHandler.java:206)
	at org.openqa.selenium.remote.ErrorHandler.throwIfResponseFailed(ErrorHandler.java:158)
	at org.openqa.selenium.remote.RemoteWebDriver.execute(RemoteWebDriver.java:678)
	at org.openqa.selenium.remote.RemoteWebElement.execute(RemoteWebElement.java:327)
	at org.openqa.selenium.remote.RemoteWebElement.click(RemoteWebElement.java:85)
	at org.openqa.selenium.support.pagefactory.internal.LocatingElementHandler.invoke(LocatingElementHandler.java:51)
	at com.sun.proxy.$Proxy8.click(Unknown Source)
	at com.liqvid.scripts.StudentFunctionalTest.verifyPostAssessmentNextPrevBtn(StudentFunctionalTest.java:477)
	at java.util.concurrent.FutureTask.run(Unknown Source)
	at java.util.concurrent.ThreadPoolExecutor.runWorker(Unknown Source)
	at java.util.concurrent.ThreadPoolExecutor$Worker.run(Unknown Source)
	at java.lang.Thread.run(Unknown Source)
Caused by: org.openqa.selenium.ElementNotVisibleException: Element is not currently visible and so may not be interacted with
Build info: version: '2.53.1', revision: 'a36b8b1cd5757287168e54b817830adce9b0158d', time: '2016-06-30 19:26:09'
System info: host: 'TYSS-MF-029', ip: '10.10.11.174', os.name: 'Windows 10', os.arch: 'amd64', os.version: '10.0', java.version: '1.8.0_73'
Driver info: driver.version: unknown
	at <anonymous class>.fxdriver.preconditions.visible(file:///C:/Users/ADMINI~1/AppData/Local/Temp/anonymous8250156944599524040webdriver-profile/extensions/fxdriver@googlecode.com/components/command-processor.js:10092)
	at <anonymous class>.DelayedCommand.prototype.checkPreconditions_(file:///C:/Users/ADMINI~1/AppData/Local/Temp/anonymous8250156944599524040webdriver-profile/extensions/fxdriver@googlecode.com/components/command-processor.js:12644)
	at <anonymous class>.DelayedCommand.prototype.executeInternal_/h(file:///C:/Users/ADMINI~1/AppData/Local/Temp/anonymous8250156944599524040webdriver-profile/extensions/fxdriver@googlecode.com/components/command-processor.js:12661)
	at <anonymous class>.fxdriver.Timer.prototype.setTimeout/<.notify(file:///C:/Users/ADMINI~1/AppData/Local/Temp/anonymous8250156944599524040webdriver-profile/extensions/fxdriver@googlecode.com/components/command-processor.js:625)
... Removed 23 stack frames]]>
    </failure>
  </testcase> <!-- verifyPostAssessmentNextPrevBtn -->
  <testcase name="verifyPreAssessementError" time="46.238" classname="com.liqvid.scripts.StudentFunctionalTest"/>
  <testcase name="verifyPostAssessementError" time="53.322" classname="com.liqvid.scripts.StudentFunctionalTest"/>
  <testcase name="verifyChangePasswordStudentProfile" time="75.282" classname="com.liqvid.scripts.StudentFunctionalTest"/>
  <testcase name="testCreateMulitpleBatches" time="131.905" classname="com.liqvid.scripts.AdminFunctionalTest">
    <failure type="com.kirwa.nxgreport.exceptions.NXGReporterStepFailedException">
      <![CDATA[[KIRWA Custom Reporter Step Failed Exception]
	at com.liqvid.library.MyNXGTestListner.onTestSuccess(MyNXGTestListner.java:96)
	at java.util.concurrent.FutureTask.run(Unknown Source)
	at java.util.concurrent.ThreadPoolExecutor.runWorker(Unknown Source)
	at java.util.concurrent.ThreadPoolExecutor$Worker.run(Unknown Source)
	at java.lang.Thread.run(Unknown Source)
... Removed 13 stack frames]]>
    </failure>
  </testcase> <!-- testCreateMulitpleBatches -->
  <testcase name="testCreateBatchAlert" time="68.34" classname="com.liqvid.scripts.AdminFunctionalTest"/>
  <testcase name="testEditProfileFunctionality" time="234.555" classname="com.liqvid.scripts.AdminFunctionalTest"/>
  <testcase name="testResourceDocument" time="61.387" classname="com.liqvid.scripts.AdminFunctionalTest"/>
  <testcase name="testUploadValidProfileImage" time="120.433" classname="com.liqvid.scripts.AdminFunctionalTest"/>
  <testcase name="testUploadInvalidProfileImage" time="126.489" classname="com.liqvid.scripts.AdminFunctionalTest"/>
  <testcase name="testStudenBulktUpload" time="73.375" classname="com.liqvid.scripts.AdminFunctionalTest"/>
  <testcase name="testTeacherRegistrationErrorMessages" time="33.333" classname="com.liqvid.scripts.AdminFunctionalTest"/>
  <testcase name="testTeacherRegistrationForMulitpleBatches" time="40.847" classname="com.liqvid.scripts.AdminFunctionalTest"/>
  <testcase name="testStudentRegistrationWithoutMobileNumber" time="124.587" classname="com.liqvid.scripts.AdminFunctionalTest"/>
  <testcase name="testStudentRegistrationErrorMessages" time="33.352" classname="com.liqvid.scripts.AdminFunctionalTest"/>
  <testcase name="verifyCredentialsFromGmail" time="33.454" classname="com.liqvid.scripts.AdminFunctionalTest"/>
  <testcase name="testVerifyAdminHomePageElements" time="77.715" classname="com.liqvid.scripts.AdminPagelevelTest"/>
  <testcase name="testVerifyCreateBatchPageElements" time="87.254" classname="com.liqvid.scripts.AdminPagelevelTest"/>
  <testcase name="testVerifyBatchSections" time="88.451" classname="com.liqvid.scripts.AdminPagelevelTest"/>
  <testcase name="testVerifyElementsBatchReportPage" time="86.312" classname="com.liqvid.scripts.AdminPagelevelTest"/>
  <testcase name="testVerifyElementsStudentUpload" time="66.301" classname="com.liqvid.scripts.AdminPagelevelTest"/>
  <testcase name="testVerifyElementsResources" time="60.058" classname="com.liqvid.scripts.AdminPagelevelTest"/>
  <testcase name="testVerifyTeachersregistration" time="29.228" classname="com.liqvid.scripts.AdminPagelevelTest"/>
  <testcase name="testVerifyStudentregistration" time="25.521" classname="com.liqvid.scripts.AdminPagelevelTest"/>
  <testcase name="testVerifyAdminProfilePageElements" time="104.445" classname="com.liqvid.scripts.AdminPagelevelTest"/>
  <testcase name="testVerifyForgotPasswordPageElements" time="9.692" classname="com.liqvid.scripts.AdminPagelevelTest"/>
  <testcase name="sampleDatabaseTest" time="49.732" classname="com.liqvid.scripts.StudentPageLevelTest"/>
  <testcase name="verifyStudentLoginPage" time="4.388" classname="com.liqvid.scripts.StudentPageLevelTest"/>
  <testcase name="verifyStudentHomepage" time="55.309" classname="com.liqvid.scripts.StudentPageLevelTest">
    <failure type="com.kirwa.nxgreport.exceptions.NXGReporterStepFailedException">
      <![CDATA[[KIRWA Custom Reporter Step Failed Exception]
	at com.liqvid.library.MyNXGTestListner.onTestSuccess(MyNXGTestListner.java:96)
	at java.util.concurrent.FutureTask.run(Unknown Source)
	at java.util.concurrent.ThreadPoolExecutor.runWorker(Unknown Source)
	at java.util.concurrent.ThreadPoolExecutor$Worker.run(Unknown Source)
	at java.lang.Thread.run(Unknown Source)
... Removed 13 stack frames]]>
    </failure>
  </testcase> <!-- verifyStudentHomepage -->
  <testcase name="verifyStudentProfilePage" time="28.754" classname="com.liqvid.scripts.StudentPageLevelTest">
    <failure type="com.kirwa.nxgreport.exceptions.NXGReporterStepFailedException">
      <![CDATA[[KIRWA Custom Reporter Step Failed Exception]
	at com.liqvid.library.MyNXGTestListner.onTestSuccess(MyNXGTestListner.java:96)
	at java.util.concurrent.FutureTask.run(Unknown Source)
	at java.util.concurrent.ThreadPoolExecutor.runWorker(Unknown Source)
	at java.util.concurrent.ThreadPoolExecutor$Worker.run(Unknown Source)
	at java.lang.Thread.run(Unknown Source)
... Removed 13 stack frames]]>
    </failure>
  </testcase> <!-- verifyStudentProfilePage -->
  <testcase name="verifyStudentCoursesPage" time="34.815" classname="com.liqvid.scripts.StudentPageLevelTest"/>
  <testcase name="verifyStudentResources" time="23.613" classname="com.liqvid.scripts.StudentPageLevelTest"/>
  <testcase name="preAssessmentInstruction" time="423.253" classname="com.liqvid.scripts.StudentPageLevelTest"/>
  <testcase name="postAssessmentInstruction" time="157.917" classname="com.liqvid.scripts.StudentPageLevelTest">
    <failure type="org.openqa.selenium.NoAlertPresentException" message="No alert is present (WARNING: The server did not provide any stacktrace information)
Command duration or timeout: 2.14 seconds
Build info: version: &amp;apos;2.53.1&amp;apos;, revision: &amp;apos;a36b8b1cd5757287168e54b817830adce9b0158d&amp;apos;, time: &amp;apos;2016-06-30 19:26:09&amp;apos;
System info: host: &amp;apos;TYSS-MF-029&amp;apos;, ip: &amp;apos;10.10.11.174&amp;apos;, os.name: &amp;apos;Windows 10&amp;apos;, os.arch: &amp;apos;amd64&amp;apos;, os.version: &amp;apos;10.0&amp;apos;, java.version: &amp;apos;1.8.0_73&amp;apos;
Driver info: org.openqa.selenium.firefox.FirefoxDriver
Capabilities [{applicationCacheEnabled=true, rotatable=false, handlesAlerts=true, databaseEnabled=true, version=45.0, platform=WINDOWS, nativeEvents=false, acceptSslCerts=true, webStorageEnabled=true, locationContextEnabled=true, browserName=firefox, takesScreenshot=true, javascriptEnabled=true, cssSelectorsEnabled=true}]
Session ID: e925c572-32d5-41a2-847f-d254909e29bd">
      <![CDATA[org.openqa.selenium.NoAlertPresentException: No alert is present (WARNING: The server did not provide any stacktrace information)
Command duration or timeout: 2.14 seconds
Build info: version: '2.53.1', revision: 'a36b8b1cd5757287168e54b817830adce9b0158d', time: '2016-06-30 19:26:09'
System info: host: 'TYSS-MF-029', ip: '10.10.11.174', os.name: 'Windows 10', os.arch: 'amd64', os.version: '10.0', java.version: '1.8.0_73'
Driver info: org.openqa.selenium.firefox.FirefoxDriver
Capabilities [{applicationCacheEnabled=true, rotatable=false, handlesAlerts=true, databaseEnabled=true, version=45.0, platform=WINDOWS, nativeEvents=false, acceptSslCerts=true, webStorageEnabled=true, locationContextEnabled=true, browserName=firefox, takesScreenshot=true, javascriptEnabled=true, cssSelectorsEnabled=true}]
Session ID: e925c572-32d5-41a2-847f-d254909e29bd
	at org.openqa.selenium.remote.ErrorHandler.createThrowable(ErrorHandler.java:206)
	at org.openqa.selenium.remote.ErrorHandler.throwIfResponseFailed(ErrorHandler.java:158)
	at org.openqa.selenium.remote.RemoteWebDriver.execute(RemoteWebDriver.java:678)
	at org.openqa.selenium.remote.RemoteWebDriver.execute(RemoteWebDriver.java:701)
	at org.openqa.selenium.remote.RemoteWebDriver$RemoteAlert.accept(RemoteWebDriver.java:1071)
	at com.liqvid.page.StudentCoursePage.assessementPopUp(StudentCoursePage.java:526)
	at com.liqvid.scripts.StudentPageLevelTest.postAssessmentInstruction(StudentPageLevelTest.java:440)
	at java.util.concurrent.FutureTask.run(Unknown Source)
	at java.util.concurrent.ThreadPoolExecutor.runWorker(Unknown Source)
	at java.util.concurrent.ThreadPoolExecutor$Worker.run(Unknown Source)
	at java.lang.Thread.run(Unknown Source)
... Removed 20 stack frames]]>
    </failure>
  </testcase> <!-- postAssessmentInstruction -->
</testsuite> <!-- Regression3 -->
