<html>
<head>
<title>TestNG:  Regression3</title>
<link href="../testng.css" rel="stylesheet" type="text/css" />
<link href="../my-testng.css" rel="stylesheet" type="text/css" />

<style type="text/css">
.log { display: none;} 
.stack-trace { display: none;} 
</style>
<script type="text/javascript">
<!--
function flip(e) {
  current = e.style.display;
  if (current == 'block') {
    e.style.display = 'none';
    return 0;
  }
  else {
    e.style.display = 'block';
    return 1;
  }
}

function toggleBox(szDivId, elem, msg1, msg2)
{
  var res = -1;  if (document.getElementById) {
    res = flip(document.getElementById(szDivId));
  }
  else if (document.all) {
    // this is the way old msie versions work
    res = flip(document.all[szDivId]);
  }
  if(elem) {
    if(res == 0) elem.innerHTML = msg1; else elem.innerHTML = msg2;
  }

}

function toggleAllBoxes() {
  if (document.getElementsByTagName) {
    d = document.getElementsByTagName('div');
    for (i = 0; i < d.length; i++) {
      if (d[i].className == 'log') {
        flip(d[i]);
      }
    }
  }
}

// -->
</script>

</head>
<body>
<h2 align='center'>Regression3</h2><table border='1' align="center">
<tr>
<td>Tests passed/Failed/Skipped:</td><td>39/3/0</td>
</tr><tr>
<td>Started on:</td><td>Thu Jun 29 16:01:22 IST 2017</td>
</tr>
<tr><td>Total time:</td><td>4554 seconds (4554217 ms)</td>
</tr><tr>
<td>Included groups:</td><td></td>
</tr><tr>
<td>Excluded groups:</td><td></td>
</tr>
</table><p/>
<small><i>(Hover the method name to see the test class name)</i></small><p/>
<table width='100%' border='1' class='invocation-failed'>
<tr><td colspan='4' align='center'><b>FAILED TESTS</b></td></tr>
<tr><td><b>Test method</b></td>
<td width="30%"><b>Exception</b></td>
<td width="10%"><b>Time (seconds)</b></td>
<td><b>Instance</b></td>
</tr>
<tr>
<td title='com.liqvid.scripts.StudentPageLevelTest.postAssessmentInstruction()'><b>postAssessmentInstruction</b><br>Test class: com.liqvid.scripts.StudentPageLevelTest<br>Test method: To Verify Display of Elements in  Post Assessment Instructions Page,To Verify Display of Elements in the Post Assessment from page 1 to 37,Display of elements in the Popup that is displayed when user clicks on Next' button without selecting the Options<br>Parameters: Firefox<br/>
<a href="#Output-1159712210" onClick='toggleBox("Output-1159712210", this, "Show output", "Hide output");'>Show output</a>

<a href="#Output-1159712210" onClick="toggleAllBoxes();">Show all outputs</a>
<div class='log' id="Output-1159712210">
STEP2455<br/>
STEP2456<br/>
STEP2461<br/>
STEP2462<br/>
STEP2463<br/>
STEP2464<br/>
STEP2465<br/>
STEP2466<br/>
STEP2467<br/>
STEP2468<br/>
STEP2469<br/>
STEP2470<br/>
STEP2471<br/>
STEP2472<br/>
STEP2473<br/>
STEP2474<br/>
STEP2475<br/>
STEP2482<br/>
STEP2483<br/>
STEP2484<br/>
STEP2485<br/>
STEP2492<br/>
STEP2494<br/>
STEP2495<br/>
STEP2499<br/>
STEP2501<br/>
STEP2502<br/>
STEP2503<br/>
STEP2504<br/>
STEP2505<br/>
STEP2516<br/>
STEP2519<br/>
STEP2520<br/>
STEP2521<br/>
</div>
</td>
<td><div><pre>org.openqa.selenium.NoAlertPresentException: No alert is present (WARNING: The server did not provide any stacktrace information)
Command duration or timeout: 2.14 seconds
Build info: version: &apos;2.53.1&apos;, revision: &apos;a36b8b1cd5757287168e54b817830adce9b0158d&apos;, time: &apos;2016-06-30 19:26:09&apos;
System info: host: &apos;TYSS-MF-029&apos;, ip: &apos;10.10.11.174&apos;, os.name: &apos;Windows 10&apos;, os.arch: &apos;amd64&apos;, os.version: &apos;10.0&apos;, java.version: &apos;1.8.0_73&apos;
Driver info: org.openqa.selenium.firefox.FirefoxDriver
Capabilities [{applicationCacheEnabled=true, rotatable=false, handlesAlerts=true, databaseEnabled=true, version=45.0, platform=WINDOWS, nativeEvents=false, acceptSslCerts=true, webStorageEnabled=true, locationContextEnabled=true, browserName=firefox, takesScreenshot=true, javascriptEnabled=true, cssSelectorsEnabled=true}]
Session ID: e925c572-32d5-41a2-847f-d254909e29bd
	at org.openqa.selenium.remote.ErrorHandler.createThrowable(ErrorHandler.java:206)
	at org.openqa.selenium.remote.ErrorHandler.throwIfResponseFailed(ErrorHandler.java:158)
	at org.openqa.selenium.remote.RemoteWebDriver.execute(RemoteWebDriver.java:678)
	at org.openqa.selenium.remote.RemoteWebDriver.execute(RemoteWebDriver.java:701)
	at org.openqa.selenium.remote.RemoteWebDriver$RemoteAlert.accept(RemoteWebDriver.java:1071)
	at com.liqvid.page.StudentCoursePage.assessementPopUp(StudentCoursePage.java:526)
	at com.liqvid.scripts.StudentPageLevelTest.postAssessmentInstruction(StudentPageLevelTest.java:440)
	at java.util.concurrent.FutureTask.run(Unknown Source)
	at java.util.concurrent.ThreadPoolExecutor.runWorker(Unknown Source)
	at java.util.concurrent.ThreadPoolExecutor$Worker.run(Unknown Source)
	at java.lang.Thread.run(Unknown Source)
... Removed 20 stack frames</pre></div><a href='#' onClick='toggleBox("stack-trace1159712210", this, "Click to show all stack frames", "Click to hide stack frames")'>Click to show all stack frames</a>
<div class='stack-trace' id='stack-trace1159712210'><pre>org.openqa.selenium.NoAlertPresentException: No alert is present (WARNING: The server did not provide any stacktrace information)
Command duration or timeout: 2.14 seconds
Build info: version: &apos;2.53.1&apos;, revision: &apos;a36b8b1cd5757287168e54b817830adce9b0158d&apos;, time: &apos;2016-06-30 19:26:09&apos;
System info: host: &apos;TYSS-MF-029&apos;, ip: &apos;10.10.11.174&apos;, os.name: &apos;Windows 10&apos;, os.arch: &apos;amd64&apos;, os.version: &apos;10.0&apos;, java.version: &apos;1.8.0_73&apos;
Driver info: org.openqa.selenium.firefox.FirefoxDriver
Capabilities [{applicationCacheEnabled=true, rotatable=false, handlesAlerts=true, databaseEnabled=true, version=45.0, platform=WINDOWS, nativeEvents=false, acceptSslCerts=true, webStorageEnabled=true, locationContextEnabled=true, browserName=firefox, takesScreenshot=true, javascriptEnabled=true, cssSelectorsEnabled=true}]
Session ID: e925c572-32d5-41a2-847f-d254909e29bd
	at sun.reflect.NativeConstructorAccessorImpl.newInstance0(Native Method)
	at sun.reflect.NativeConstructorAccessorImpl.newInstance(Unknown Source)
	at sun.reflect.DelegatingConstructorAccessorImpl.newInstance(Unknown Source)
	at java.lang.reflect.Constructor.newInstance(Unknown Source)
	at org.openqa.selenium.remote.ErrorHandler.createThrowable(ErrorHandler.java:206)
	at org.openqa.selenium.remote.ErrorHandler.throwIfResponseFailed(ErrorHandler.java:158)
	at org.openqa.selenium.remote.RemoteWebDriver.execute(RemoteWebDriver.java:678)
	at org.openqa.selenium.remote.RemoteWebDriver.execute(RemoteWebDriver.java:701)
	at org.openqa.selenium.remote.RemoteWebDriver$RemoteAlert.accept(RemoteWebDriver.java:1071)
	at com.liqvid.page.StudentCoursePage.assessementPopUp(StudentCoursePage.java:526)
	at com.liqvid.scripts.StudentPageLevelTest.postAssessmentInstruction(StudentPageLevelTest.java:440)
	at sun.reflect.NativeMethodAccessorImpl.invoke0(Native Method)
	at sun.reflect.NativeMethodAccessorImpl.invoke(Unknown Source)
	at sun.reflect.DelegatingMethodAccessorImpl.invoke(Unknown Source)
	at java.lang.reflect.Method.invoke(Unknown Source)
	at org.testng.internal.MethodInvocationHelper.invokeMethod(MethodInvocationHelper.java:86)
	at org.testng.internal.Invoker.invokeMethod(Invoker.java:643)
	at org.testng.internal.Invoker.invokeTestMethod(Invoker.java:820)
	at org.testng.internal.Invoker.invokeTestMethods(Invoker.java:1128)
	at org.testng.internal.TestMethodWorker.invokeTestMethods(TestMethodWorker.java:129)
	at org.testng.internal.TestMethodWorker.run(TestMethodWorker.java:112)
	at org.testng.TestRunner.privateRun(TestRunner.java:782)
	at org.testng.TestRunner.run(TestRunner.java:632)
	at org.testng.SuiteRunner.runTest(SuiteRunner.java:366)
	at org.testng.SuiteRunner.access$000(SuiteRunner.java:39)
	at org.testng.SuiteRunner$SuiteWorker.run(SuiteRunner.java:400)
	at org.testng.internal.thread.ThreadUtil$2.call(ThreadUtil.java:64)
	at java.util.concurrent.FutureTask.run(Unknown Source)
	at java.util.concurrent.ThreadPoolExecutor.runWorker(Unknown Source)
	at java.util.concurrent.ThreadPoolExecutor$Worker.run(Unknown Source)
	at java.lang.Thread.run(Unknown Source)
</pre></div></td>
<td>157</td>
<td>com.liqvid.scripts.StudentPageLevelTest@2d6eabae</td></tr>
<tr>
<td title='com.liqvid.scripts.StudentFunctionalTest.verifyPostAssessmentNextPrevBtn()'><b>verifyPostAssessmentNextPrevBtn</b><br>Test class: com.liqvid.scripts.StudentFunctionalTest<br>Test method: Verify whether all the questions can be answered by clicking on 'Next' button,Verify  the functionality of 'prev' button,Verify the functionality of 'Finish' button,Verify the functionality of Back button<br>Parameters: Firefox<br/>
<a href="#Output-420315193" onClick='toggleBox("Output-420315193", this, "Show output", "Hide output");'>Show output</a>

<a href="#Output-420315193" onClick="toggleAllBoxes();">Show all outputs</a>
<div class='log' id="Output-420315193">
STEP493<br/>
STEP495<br/>
STEP496<br/>
STEP513<br/>
STEP515<br/>
STEP520<br/>
STEP521<br/>
STEP522<br/>
STEP535<br/>
STEP537<br/>
STEP541<br/>
STEP543<br/>
STEP544<br/>
STEP545<br/>
STEP558<br/>
STEP563<br/>
STEP566<br/>
STEP570<br/>
STEP572<br/>
STEP591<br/>
STEP644<br/>
STEP662<br/>
STEP663<br/>
STEP668<br/>
STEP669<br/>
STEP673<br/>
STEP687<br/>
STEP696<br/>
STEP716<br/>
STEP718<br/>
STEP723<br/>
STEP724<br/>
STEP725<br/>
STEP735<br/>
STEP740<br/>
STEP741<br/>
STEP746<br/>
STEP747<br/>
STEP748<br/>
STEP749<br/>
STEP750<br/>
STEP751<br/>
STEP752<br/>
STEP753<br/>
STEP766<br/>
STEP767<br/>
</div>
</td>
<td><div><pre>org.openqa.selenium.ElementNotVisibleException: Element is not currently visible and so may not be interacted with
Command duration or timeout: 10.06 seconds
Build info: version: &apos;2.53.1&apos;, revision: &apos;a36b8b1cd5757287168e54b817830adce9b0158d&apos;, time: &apos;2016-06-30 19:26:09&apos;
System info: host: &apos;TYSS-MF-029&apos;, ip: &apos;10.10.11.174&apos;, os.name: &apos;Windows 10&apos;, os.arch: &apos;amd64&apos;, os.version: &apos;10.0&apos;, java.version: &apos;1.8.0_73&apos;
Driver info: org.openqa.selenium.firefox.FirefoxDriver
Capabilities [{applicationCacheEnabled=true, rotatable=false, handlesAlerts=true, databaseEnabled=true, version=45.0, platform=WINDOWS, nativeEvents=false, acceptSslCerts=true, webStorageEnabled=true, locationContextEnabled=true, browserName=firefox, takesScreenshot=true, javascriptEnabled=true, cssSelectorsEnabled=true}]
Session ID: 630d16fc-e41a-4fa7-994d-814f1426f065
	at org.openqa.selenium.remote.ErrorHandler.createThrowable(ErrorHandler.java:206)
	at org.openqa.selenium.remote.ErrorHandler.throwIfResponseFailed(ErrorHandler.java:158)
	at org.openqa.selenium.remote.RemoteWebDriver.execute(RemoteWebDriver.java:678)
	at org.openqa.selenium.remote.RemoteWebElement.execute(RemoteWebElement.java:327)
	at org.openqa.selenium.remote.RemoteWebElement.click(RemoteWebElement.java:85)
	at org.openqa.selenium.support.pagefactory.internal.LocatingElementHandler.invoke(LocatingElementHandler.java:51)
	at com.sun.proxy.$Proxy8.click(Unknown Source)
	at com.liqvid.scripts.StudentFunctionalTest.verifyPostAssessmentNextPrevBtn(StudentFunctionalTest.java:477)
	at java.util.concurrent.FutureTask.run(Unknown Source)
	at java.util.concurrent.ThreadPoolExecutor.runWorker(Unknown Source)
	at java.util.concurrent.ThreadPoolExecutor$Worker.run(Unknown Source)
	at java.lang.Thread.run(Unknown Source)
Caused by: org.openqa.selenium.ElementNotVisibleException: Element is not currently visible and so may not be interacted with
Build info: version: &apos;2.53.1&apos;, revision: &apos;a36b8b1cd5757287168e54b817830adce9b0158d&apos;, time: &apos;2016-06-30 19:26:09&apos;
System info: host: &apos;TYSS-MF-029&apos;, ip: &apos;10.10.11.174&apos;, os.name: &apos;Windows 10&apos;, os.arch: &apos;amd64&apos;, os.version: &apos;10.0&apos;, java.version: &apos;1.8.0_73&apos;
Driver info: driver.version: unknown
	at &lt;anonymous class&gt;.fxdriver.preconditions.visible(file:///C:/Users/ADMINI~1/AppData/Local/Temp/anonymous8250156944599524040webdriver-profile/extensions/fxdriver@googlecode.com/components/command-processor.js:10092)
	at &lt;anonymous class&gt;.DelayedCommand.prototype.checkPreconditions_(file:///C:/Users/ADMINI~1/AppData/Local/Temp/anonymous8250156944599524040webdriver-profile/extensions/fxdriver@googlecode.com/components/command-processor.js:12644)
	at &lt;anonymous class&gt;.DelayedCommand.prototype.executeInternal_/h(file:///C:/Users/ADMINI~1/AppData/Local/Temp/anonymous8250156944599524040webdriver-profile/extensions/fxdriver@googlecode.com/components/command-processor.js:12661)
	at &lt;anonymous class&gt;.fxdriver.Timer.prototype.setTimeout/&lt;.notify(file:///C:/Users/ADMINI~1/AppData/Local/Temp/anonymous8250156944599524040webdriver-profile/extensions/fxdriver@googlecode.com/components/command-processor.js:625)
... Removed 23 stack frames</pre></div><a href='#' onClick='toggleBox("stack-trace420315193", this, "Click to show all stack frames", "Click to hide stack frames")'>Click to show all stack frames</a>
<div class='stack-trace' id='stack-trace420315193'><pre>org.openqa.selenium.ElementNotVisibleException: Element is not currently visible and so may not be interacted with
Command duration or timeout: 10.06 seconds
Build info: version: &apos;2.53.1&apos;, revision: &apos;a36b8b1cd5757287168e54b817830adce9b0158d&apos;, time: &apos;2016-06-30 19:26:09&apos;
System info: host: &apos;TYSS-MF-029&apos;, ip: &apos;10.10.11.174&apos;, os.name: &apos;Windows 10&apos;, os.arch: &apos;amd64&apos;, os.version: &apos;10.0&apos;, java.version: &apos;1.8.0_73&apos;
Driver info: org.openqa.selenium.firefox.FirefoxDriver
Capabilities [{applicationCacheEnabled=true, rotatable=false, handlesAlerts=true, databaseEnabled=true, version=45.0, platform=WINDOWS, nativeEvents=false, acceptSslCerts=true, webStorageEnabled=true, locationContextEnabled=true, browserName=firefox, takesScreenshot=true, javascriptEnabled=true, cssSelectorsEnabled=true}]
Session ID: 630d16fc-e41a-4fa7-994d-814f1426f065
	at sun.reflect.NativeConstructorAccessorImpl.newInstance0(Native Method)
	at sun.reflect.NativeConstructorAccessorImpl.newInstance(Unknown Source)
	at sun.reflect.DelegatingConstructorAccessorImpl.newInstance(Unknown Source)
	at java.lang.reflect.Constructor.newInstance(Unknown Source)
	at org.openqa.selenium.remote.ErrorHandler.createThrowable(ErrorHandler.java:206)
	at org.openqa.selenium.remote.ErrorHandler.throwIfResponseFailed(ErrorHandler.java:158)
	at org.openqa.selenium.remote.RemoteWebDriver.execute(RemoteWebDriver.java:678)
	at org.openqa.selenium.remote.RemoteWebElement.execute(RemoteWebElement.java:327)
	at org.openqa.selenium.remote.RemoteWebElement.click(RemoteWebElement.java:85)
	at sun.reflect.GeneratedMethodAccessor4.invoke(Unknown Source)
	at sun.reflect.DelegatingMethodAccessorImpl.invoke(Unknown Source)
	at java.lang.reflect.Method.invoke(Unknown Source)
	at org.openqa.selenium.support.pagefactory.internal.LocatingElementHandler.invoke(LocatingElementHandler.java:51)
	at com.sun.proxy.$Proxy8.click(Unknown Source)
	at com.liqvid.scripts.StudentFunctionalTest.verifyPostAssessmentNextPrevBtn(StudentFunctionalTest.java:477)
	at sun.reflect.NativeMethodAccessorImpl.invoke0(Native Method)
	at sun.reflect.NativeMethodAccessorImpl.invoke(Unknown Source)
	at sun.reflect.DelegatingMethodAccessorImpl.invoke(Unknown Source)
	at java.lang.reflect.Method.invoke(Unknown Source)
	at org.testng.internal.MethodInvocationHelper.invokeMethod(MethodInvocationHelper.java:86)
	at org.testng.internal.Invoker.invokeMethod(Invoker.java:643)
	at org.testng.internal.Invoker.invokeTestMethod(Invoker.java:820)
	at org.testng.internal.Invoker.invokeTestMethods(Invoker.java:1128)
	at org.testng.internal.TestMethodWorker.invokeTestMethods(TestMethodWorker.java:129)
	at org.testng.internal.TestMethodWorker.run(TestMethodWorker.java:112)
	at org.testng.TestRunner.privateRun(TestRunner.java:782)
	at org.testng.TestRunner.run(TestRunner.java:632)
	at org.testng.SuiteRunner.runTest(SuiteRunner.java:366)
	at org.testng.SuiteRunner.access$000(SuiteRunner.java:39)
	at org.testng.SuiteRunner$SuiteWorker.run(SuiteRunner.java:400)
	at org.testng.internal.thread.ThreadUtil$2.call(ThreadUtil.java:64)
	at java.util.concurrent.FutureTask.run(Unknown Source)
	at java.util.concurrent.ThreadPoolExecutor.runWorker(Unknown Source)
	at java.util.concurrent.ThreadPoolExecutor$Worker.run(Unknown Source)
	at java.lang.Thread.run(Unknown Source)
Caused by: org.openqa.selenium.ElementNotVisibleException: Element is not currently visible and so may not be interacted with
Build info: version: &apos;2.53.1&apos;, revision: &apos;a36b8b1cd5757287168e54b817830adce9b0158d&apos;, time: &apos;2016-06-30 19:26:09&apos;
System info: host: &apos;TYSS-MF-029&apos;, ip: &apos;10.10.11.174&apos;, os.name: &apos;Windows 10&apos;, os.arch: &apos;amd64&apos;, os.version: &apos;10.0&apos;, java.version: &apos;1.8.0_73&apos;
Driver info: driver.version: unknown
	at &lt;anonymous class&gt;.fxdriver.preconditions.visible(file:///C:/Users/ADMINI~1/AppData/Local/Temp/anonymous8250156944599524040webdriver-profile/extensions/fxdriver@googlecode.com/components/command-processor.js:10092)
	at &lt;anonymous class&gt;.DelayedCommand.prototype.checkPreconditions_(file:///C:/Users/ADMINI~1/AppData/Local/Temp/anonymous8250156944599524040webdriver-profile/extensions/fxdriver@googlecode.com/components/command-processor.js:12644)
	at &lt;anonymous class&gt;.DelayedCommand.prototype.executeInternal_/h(file:///C:/Users/ADMINI~1/AppData/Local/Temp/anonymous8250156944599524040webdriver-profile/extensions/fxdriver@googlecode.com/components/command-processor.js:12661)
	at &lt;anonymous class&gt;.fxdriver.Timer.prototype.setTimeout/&lt;.notify(file:///C:/Users/ADMINI~1/AppData/Local/Temp/anonymous8250156944599524040webdriver-profile/extensions/fxdriver@googlecode.com/components/command-processor.js:625)
</pre></div></td>
<td>661</td>
<td>com.liqvid.scripts.StudentFunctionalTest@23faf8f2</td></tr>
<tr>
<td title='com.liqvid.scripts.StudentFunctionalTest.verifyPreAssessmentNextPrevBackBtn()'><b>verifyPreAssessmentNextPrevBackBtn</b><br>Test class: com.liqvid.scripts.StudentFunctionalTest<br>Test method: Verify whether all the questions can be answered by clicking on 'Next' button,Verify  the functionality of 'prev' button,Verify the functionality of 'Finish' button,Verify the functionality of Back button<br>Parameters: Firefox<br/>
<a href="#Output-1236322823" onClick='toggleBox("Output-1236322823", this, "Show output", "Hide output");'>Show output</a>

<a href="#Output-1236322823" onClick="toggleAllBoxes();">Show all outputs</a>
<div class='log' id="Output-1236322823">
STEP116<br/>
STEP117<br/>
STEP118<br/>
STEP126<br/>
STEP165<br/>
STEP212<br/>
STEP216<br/>
STEP217<br/>
STEP222<br/>
STEP224<br/>
STEP229<br/>
STEP238<br/>
STEP256<br/>
STEP264<br/>
STEP265<br/>
STEP270<br/>
STEP271<br/>
STEP272<br/>
STEP285<br/>
STEP287<br/>
STEP291<br/>
STEP293<br/>
STEP294<br/>
STEP295<br/>
STEP309<br/>
STEP310<br/>
STEP315<br/>
STEP316<br/>
STEP317<br/>
STEP330<br/>
STEP335<br/>
STEP337<br/>
STEP341<br/>
STEP343<br/>
STEP370<br/>
STEP423<br/>
STEP433<br/>
STEP434<br/>
STEP439<br/>
STEP440<br/>
STEP451<br/>
STEP460<br/>
STEP461<br/>
STEP462<br/>
STEP463<br/>
STEP465<br/>
STEP466<br/>
STEP473<br/>
STEP474<br/>
</div>
</td>
<td><div><pre>org.openqa.selenium.ElementNotVisibleException: Element is not currently visible and so may not be interacted with
Command duration or timeout: 10.05 seconds
Build info: version: &apos;2.53.1&apos;, revision: &apos;a36b8b1cd5757287168e54b817830adce9b0158d&apos;, time: &apos;2016-06-30 19:26:09&apos;
System info: host: &apos;TYSS-MF-029&apos;, ip: &apos;10.10.11.174&apos;, os.name: &apos;Windows 10&apos;, os.arch: &apos;amd64&apos;, os.version: &apos;10.0&apos;, java.version: &apos;1.8.0_73&apos;
Driver info: org.openqa.selenium.firefox.FirefoxDriver
Capabilities [{applicationCacheEnabled=true, rotatable=false, handlesAlerts=true, databaseEnabled=true, version=45.0, platform=WINDOWS, nativeEvents=false, acceptSslCerts=true, webStorageEnabled=true, locationContextEnabled=true, browserName=firefox, takesScreenshot=true, javascriptEnabled=true, cssSelectorsEnabled=true}]
Session ID: 496f04e1-e826-4ee7-902c-83a660e1b009
	at org.openqa.selenium.remote.ErrorHandler.createThrowable(ErrorHandler.java:206)
	at org.openqa.selenium.remote.ErrorHandler.throwIfResponseFailed(ErrorHandler.java:158)
	at org.openqa.selenium.remote.RemoteWebDriver.execute(RemoteWebDriver.java:678)
	at org.openqa.selenium.remote.RemoteWebElement.execute(RemoteWebElement.java:327)
	at org.openqa.selenium.remote.RemoteWebElement.click(RemoteWebElement.java:85)
	at org.openqa.selenium.support.pagefactory.internal.LocatingElementHandler.invoke(LocatingElementHandler.java:51)
	at com.sun.proxy.$Proxy8.click(Unknown Source)
	at com.liqvid.scripts.StudentFunctionalTest.verifyPreAssessmentNextPrevBackBtn(StudentFunctionalTest.java:426)
	at java.util.concurrent.FutureTask.run(Unknown Source)
	at java.util.concurrent.ThreadPoolExecutor.runWorker(Unknown Source)
	at java.util.concurrent.ThreadPoolExecutor$Worker.run(Unknown Source)
	at java.lang.Thread.run(Unknown Source)
Caused by: org.openqa.selenium.ElementNotVisibleException: Element is not currently visible and so may not be interacted with
Build info: version: &apos;2.53.1&apos;, revision: &apos;a36b8b1cd5757287168e54b817830adce9b0158d&apos;, time: &apos;2016-06-30 19:26:09&apos;
System info: host: &apos;TYSS-MF-029&apos;, ip: &apos;10.10.11.174&apos;, os.name: &apos;Windows 10&apos;, os.arch: &apos;amd64&apos;, os.version: &apos;10.0&apos;, java.version: &apos;1.8.0_73&apos;
Driver info: driver.version: unknown
	at &lt;anonymous class&gt;.fxdriver.preconditions.visible(file:///C:/Users/ADMINI~1/AppData/Local/Temp/anonymous8478126877821184773webdriver-profile/extensions/fxdriver@googlecode.com/components/command-processor.js:10092)
	at &lt;anonymous class&gt;.DelayedCommand.prototype.checkPreconditions_(file:///C:/Users/ADMINI~1/AppData/Local/Temp/anonymous8478126877821184773webdriver-profile/extensions/fxdriver@googlecode.com/components/command-processor.js:12644)
	at &lt;anonymous class&gt;.DelayedCommand.prototype.executeInternal_/h(file:///C:/Users/ADMINI~1/AppData/Local/Temp/anonymous8478126877821184773webdriver-profile/extensions/fxdriver@googlecode.com/components/command-processor.js:12661)
	at &lt;anonymous class&gt;.fxdriver.Timer.prototype.setTimeout/&lt;.notify(file:///C:/Users/ADMINI~1/AppData/Local/Temp/anonymous8478126877821184773webdriver-profile/extensions/fxdriver@googlecode.com/components/command-processor.js:625)
... Removed 23 stack frames</pre></div><a href='#' onClick='toggleBox("stack-trace1236322823", this, "Click to show all stack frames", "Click to hide stack frames")'>Click to show all stack frames</a>
<div class='stack-trace' id='stack-trace1236322823'><pre>org.openqa.selenium.ElementNotVisibleException: Element is not currently visible and so may not be interacted with
Command duration or timeout: 10.05 seconds
Build info: version: &apos;2.53.1&apos;, revision: &apos;a36b8b1cd5757287168e54b817830adce9b0158d&apos;, time: &apos;2016-06-30 19:26:09&apos;
System info: host: &apos;TYSS-MF-029&apos;, ip: &apos;10.10.11.174&apos;, os.name: &apos;Windows 10&apos;, os.arch: &apos;amd64&apos;, os.version: &apos;10.0&apos;, java.version: &apos;1.8.0_73&apos;
Driver info: org.openqa.selenium.firefox.FirefoxDriver
Capabilities [{applicationCacheEnabled=true, rotatable=false, handlesAlerts=true, databaseEnabled=true, version=45.0, platform=WINDOWS, nativeEvents=false, acceptSslCerts=true, webStorageEnabled=true, locationContextEnabled=true, browserName=firefox, takesScreenshot=true, javascriptEnabled=true, cssSelectorsEnabled=true}]
Session ID: 496f04e1-e826-4ee7-902c-83a660e1b009
	at sun.reflect.NativeConstructorAccessorImpl.newInstance0(Native Method)
	at sun.reflect.NativeConstructorAccessorImpl.newInstance(Unknown Source)
	at sun.reflect.DelegatingConstructorAccessorImpl.newInstance(Unknown Source)
	at java.lang.reflect.Constructor.newInstance(Unknown Source)
	at org.openqa.selenium.remote.ErrorHandler.createThrowable(ErrorHandler.java:206)
	at org.openqa.selenium.remote.ErrorHandler.throwIfResponseFailed(ErrorHandler.java:158)
	at org.openqa.selenium.remote.RemoteWebDriver.execute(RemoteWebDriver.java:678)
	at org.openqa.selenium.remote.RemoteWebElement.execute(RemoteWebElement.java:327)
	at org.openqa.selenium.remote.RemoteWebElement.click(RemoteWebElement.java:85)
	at sun.reflect.GeneratedMethodAccessor4.invoke(Unknown Source)
	at sun.reflect.DelegatingMethodAccessorImpl.invoke(Unknown Source)
	at java.lang.reflect.Method.invoke(Unknown Source)
	at org.openqa.selenium.support.pagefactory.internal.LocatingElementHandler.invoke(LocatingElementHandler.java:51)
	at com.sun.proxy.$Proxy8.click(Unknown Source)
	at com.liqvid.scripts.StudentFunctionalTest.verifyPreAssessmentNextPrevBackBtn(StudentFunctionalTest.java:426)
	at sun.reflect.NativeMethodAccessorImpl.invoke0(Native Method)
	at sun.reflect.NativeMethodAccessorImpl.invoke(Unknown Source)
	at sun.reflect.DelegatingMethodAccessorImpl.invoke(Unknown Source)
	at java.lang.reflect.Method.invoke(Unknown Source)
	at org.testng.internal.MethodInvocationHelper.invokeMethod(MethodInvocationHelper.java:86)
	at org.testng.internal.Invoker.invokeMethod(Invoker.java:643)
	at org.testng.internal.Invoker.invokeTestMethod(Invoker.java:820)
	at org.testng.internal.Invoker.invokeTestMethods(Invoker.java:1128)
	at org.testng.internal.TestMethodWorker.invokeTestMethods(TestMethodWorker.java:129)
	at org.testng.internal.TestMethodWorker.run(TestMethodWorker.java:112)
	at org.testng.TestRunner.privateRun(TestRunner.java:782)
	at org.testng.TestRunner.run(TestRunner.java:632)
	at org.testng.SuiteRunner.runTest(SuiteRunner.java:366)
	at org.testng.SuiteRunner.access$000(SuiteRunner.java:39)
	at org.testng.SuiteRunner$SuiteWorker.run(SuiteRunner.java:400)
	at org.testng.internal.thread.ThreadUtil$2.call(ThreadUtil.java:64)
	at java.util.concurrent.FutureTask.run(Unknown Source)
	at java.util.concurrent.ThreadPoolExecutor.runWorker(Unknown Source)
	at java.util.concurrent.ThreadPoolExecutor$Worker.run(Unknown Source)
	at java.lang.Thread.run(Unknown Source)
Caused by: org.openqa.selenium.ElementNotVisibleException: Element is not currently visible and so may not be interacted with
Build info: version: &apos;2.53.1&apos;, revision: &apos;a36b8b1cd5757287168e54b817830adce9b0158d&apos;, time: &apos;2016-06-30 19:26:09&apos;
System info: host: &apos;TYSS-MF-029&apos;, ip: &apos;10.10.11.174&apos;, os.name: &apos;Windows 10&apos;, os.arch: &apos;amd64&apos;, os.version: &apos;10.0&apos;, java.version: &apos;1.8.0_73&apos;
Driver info: driver.version: unknown
	at &lt;anonymous class&gt;.fxdriver.preconditions.visible(file:///C:/Users/ADMINI~1/AppData/Local/Temp/anonymous8478126877821184773webdriver-profile/extensions/fxdriver@googlecode.com/components/command-processor.js:10092)
	at &lt;anonymous class&gt;.DelayedCommand.prototype.checkPreconditions_(file:///C:/Users/ADMINI~1/AppData/Local/Temp/anonymous8478126877821184773webdriver-profile/extensions/fxdriver@googlecode.com/components/command-processor.js:12644)
	at &lt;anonymous class&gt;.DelayedCommand.prototype.executeInternal_/h(file:///C:/Users/ADMINI~1/AppData/Local/Temp/anonymous8478126877821184773webdriver-profile/extensions/fxdriver@googlecode.com/components/command-processor.js:12661)
	at &lt;anonymous class&gt;.fxdriver.Timer.prototype.setTimeout/&lt;.notify(file:///C:/Users/ADMINI~1/AppData/Local/Temp/anonymous8478126877821184773webdriver-profile/extensions/fxdriver@googlecode.com/components/command-processor.js:625)
</pre></div></td>
<td>670</td>
<td>com.liqvid.scripts.StudentFunctionalTest@23faf8f2</td></tr>
</table><p>
<table width='100%' border='1' class='invocation-passed'>
<tr><td colspan='4' align='center'><b>PASSED TESTS</b></td></tr>
<tr><td><b>Test method</b></td>
<td width="30%"><b>Exception</b></td>
<td width="10%"><b>Time (seconds)</b></td>
<td><b>Instance</b></td>
</tr>
<tr>
<td title='com.liqvid.scripts.StudentFunctionalTest.functionalityofChangePassword()'><b>functionalityofChangePassword</b><br>Test class: com.liqvid.scripts.StudentFunctionalTest<br>Test method: Verify the functionality of 'Change Password' link after entering the values in  Old Password, New Password and confirm Password fields<br>Parameters: Firefox<br/>
<a href="#Output-1773556855" onClick='toggleBox("Output-1773556855", this, "Show output", "Hide output");'>Show output</a>

<a href="#Output-1773556855" onClick="toggleAllBoxes();">Show all outputs</a>
<div class='log' id="Output-1773556855">
STEP80<br/>
STEP81<br/>
STEP82<br/>
STEP87<br/>
STEP88<br/>
</div>
</td>
<td><div><pre>[KIRWA Custom Reporter Step Failed Exception]
	at com.liqvid.library.MyNXGTestListner.onTestSuccess(MyNXGTestListner.java:96)
	at java.util.concurrent.FutureTask.run(Unknown Source)
	at java.util.concurrent.ThreadPoolExecutor.runWorker(Unknown Source)
	at java.util.concurrent.ThreadPoolExecutor$Worker.run(Unknown Source)
	at java.lang.Thread.run(Unknown Source)
... Removed 13 stack frames</pre></div><a href='#' onClick='toggleBox("stack-trace1773556855", this, "Click to show all stack frames", "Click to hide stack frames")'>Click to show all stack frames</a>
<div class='stack-trace' id='stack-trace1773556855'><pre>[KIRWA Custom Reporter Step Failed Exception]
	at com.liqvid.library.MyNXGTestListner.onTestSuccess(MyNXGTestListner.java:96)
	at org.testng.internal.Invoker.runTestListeners(Invoker.java:1695)
	at org.testng.internal.Invoker.runTestListeners(Invoker.java:1675)
	at org.testng.internal.Invoker.invokeMethod(Invoker.java:700)
	at org.testng.internal.Invoker.invokeTestMethod(Invoker.java:820)
	at org.testng.internal.Invoker.invokeTestMethods(Invoker.java:1128)
	at org.testng.internal.TestMethodWorker.invokeTestMethods(TestMethodWorker.java:129)
	at org.testng.internal.TestMethodWorker.run(TestMethodWorker.java:112)
	at org.testng.TestRunner.privateRun(TestRunner.java:782)
	at org.testng.TestRunner.run(TestRunner.java:632)
	at org.testng.SuiteRunner.runTest(SuiteRunner.java:366)
	at org.testng.SuiteRunner.access$000(SuiteRunner.java:39)
	at org.testng.SuiteRunner$SuiteWorker.run(SuiteRunner.java:400)
	at org.testng.internal.thread.ThreadUtil$2.call(ThreadUtil.java:64)
	at java.util.concurrent.FutureTask.run(Unknown Source)
	at java.util.concurrent.ThreadPoolExecutor.runWorker(Unknown Source)
	at java.util.concurrent.ThreadPoolExecutor$Worker.run(Unknown Source)
	at java.lang.Thread.run(Unknown Source)
</pre></div></td>
<td>35</td>
<td>com.liqvid.scripts.StudentFunctionalTest@23faf8f2</td></tr>
<tr>
<td title='com.liqvid.scripts.StudentPageLevelTest.preAssessmentInstruction()'><b>preAssessmentInstruction</b><br>Test class: com.liqvid.scripts.StudentPageLevelTest<br>Test method: To Verify Display of Elements in  Pre Assessment Instructions Page,To Verify Display of Elements in  Pre Assessment Instructions Page,Display of elements in the Popup that is displayed when user clicks on 'Next button without selecting the Options'<br>Parameters: Firefox<br/>
<a href="#Output-161304348" onClick='toggleBox("Output-161304348", this, "Show output", "Hide output");'>Show output</a>

<a href="#Output-161304348" onClick="toggleAllBoxes();">Show all outputs</a>
<div class='log' id="Output-161304348">
STEP2204<br/>
STEP2206<br/>
STEP2213<br/>
STEP2214<br/>
STEP2216<br/>
STEP2217<br/>
STEP2218<br/>
STEP2219<br/>
STEP2220<br/>
STEP2221<br/>
STEP2222<br/>
STEP2223<br/>
STEP2224<br/>
STEP2229<br/>
STEP2230<br/>
STEP2231<br/>
STEP2232<br/>
STEP2233<br/>
STEP2234<br/>
STEP2235<br/>
STEP2236<br/>
STEP2237<br/>
STEP2238<br/>
STEP2239<br/>
STEP2248<br/>
STEP2251<br/>
STEP2254<br/>
STEP2259<br/>
STEP2262<br/>
STEP2263<br/>
STEP2267<br/>
STEP2269<br/>
STEP2270<br/>
STEP2275<br/>
STEP2304<br/>
STEP2335<br/>
STEP2362<br/>
STEP2366<br/>
STEP2367<br/>
STEP2368<br/>
STEP2373<br/>
STEP2374<br/>
STEP2375<br/>
STEP2377<br/>
STEP2387<br/>
STEP2392<br/>
STEP2398<br/>
STEP2403<br/>
STEP2420<br/>
STEP2425<br/>
STEP2427<br/>
STEP2428<br/>
STEP2432<br/>
STEP2433<br/>
STEP2434<br/>
STEP2435<br/>
STEP2436<br/>
STEP2446<br/>
STEP2450<br/>
STEP2452<br/>
STEP2453<br/>
STEP2454<br/>
</div>
</td>
<td></td>
<td>423</td>
<td>com.liqvid.scripts.StudentPageLevelTest@2d6eabae</td></tr>
<tr>
<td title='com.liqvid.scripts.StudentFunctionalTest.sampleDatabaseTest()'><b>sampleDatabaseTest</b><br>Test class: com.liqvid.scripts.StudentFunctionalTest<br>Test method: To clear the databases of Assessment<br>Parameters: Firefox</td>
<td></td>
<td>44</td>
<td>com.liqvid.scripts.StudentFunctionalTest@23faf8f2</td></tr>
<tr>
<td title='com.liqvid.scripts.StudentPageLevelTest.sampleDatabaseTest()'><b>sampleDatabaseTest</b><br>Test class: com.liqvid.scripts.StudentPageLevelTest<br>Test method: To clear the databases of Assessment<br>Parameters: Firefox</td>
<td></td>
<td>49</td>
<td>com.liqvid.scripts.StudentPageLevelTest@2d6eabae</td></tr>
<tr>
<td title='com.liqvid.scripts.AdminFunctionalTest.testCreateBatchAlert()'><b>testCreateBatchAlert</b><br>Test class: com.liqvid.scripts.AdminFunctionalTest<br>Test method: Verify batch creation by selecting invalid section<br>Parameters: Firefox<br/>
<a href="#Output-1479324517" onClick='toggleBox("Output-1479324517", this, "Show output", "Hide output");'>Show output</a>

<a href="#Output-1479324517" onClick="toggleAllBoxes();">Show all outputs</a>
<div class='log' id="Output-1479324517">
STEP963<br/>
STEP964<br/>
STEP965<br/>
STEP966<br/>
STEP979<br/>
</div>
</td>
<td></td>
<td>68</td>
<td>com.liqvid.scripts.AdminFunctionalTest@51cdd8a</td></tr>
<tr>
<td title='com.liqvid.scripts.AdminFunctionalTest.testCreateMulitpleBatches()'><b>testCreateMulitpleBatches</b><br>Test class: com.liqvid.scripts.AdminFunctionalTest<br>Test method: Create mulitple batches by using 'Add' button and verify no of batches created in the 'Home' Page, Verify the batch creation report by selecting duplicate 'class', 'Section from' and 'section to'.<br>Parameters: Firefox<br/>
<a href="#Output-381658953" onClick='toggleBox("Output-381658953", this, "Show output", "Hide output");'>Show output</a>

<a href="#Output-381658953" onClick="toggleAllBoxes();">Show all outputs</a>
<div class='log' id="Output-381658953">
STEP903<br/>
STEP904<br/>
STEP908<br/>
STEP913<br/>
STEP917<br/>
STEP959<br/>
</div>
</td>
<td><div><pre>[KIRWA Custom Reporter Step Failed Exception]
	at com.liqvid.library.MyNXGTestListner.onTestSuccess(MyNXGTestListner.java:96)
	at java.util.concurrent.FutureTask.run(Unknown Source)
	at java.util.concurrent.ThreadPoolExecutor.runWorker(Unknown Source)
	at java.util.concurrent.ThreadPoolExecutor$Worker.run(Unknown Source)
	at java.lang.Thread.run(Unknown Source)
... Removed 13 stack frames</pre></div><a href='#' onClick='toggleBox("stack-trace381658953", this, "Click to show all stack frames", "Click to hide stack frames")'>Click to show all stack frames</a>
<div class='stack-trace' id='stack-trace381658953'><pre>[KIRWA Custom Reporter Step Failed Exception]
	at com.liqvid.library.MyNXGTestListner.onTestSuccess(MyNXGTestListner.java:96)
	at org.testng.internal.Invoker.runTestListeners(Invoker.java:1695)
	at org.testng.internal.Invoker.runTestListeners(Invoker.java:1675)
	at org.testng.internal.Invoker.invokeMethod(Invoker.java:700)
	at org.testng.internal.Invoker.invokeTestMethod(Invoker.java:820)
	at org.testng.internal.Invoker.invokeTestMethods(Invoker.java:1128)
	at org.testng.internal.TestMethodWorker.invokeTestMethods(TestMethodWorker.java:129)
	at org.testng.internal.TestMethodWorker.run(TestMethodWorker.java:112)
	at org.testng.TestRunner.privateRun(TestRunner.java:782)
	at org.testng.TestRunner.run(TestRunner.java:632)
	at org.testng.SuiteRunner.runTest(SuiteRunner.java:366)
	at org.testng.SuiteRunner.access$000(SuiteRunner.java:39)
	at org.testng.SuiteRunner$SuiteWorker.run(SuiteRunner.java:400)
	at org.testng.internal.thread.ThreadUtil$2.call(ThreadUtil.java:64)
	at java.util.concurrent.FutureTask.run(Unknown Source)
	at java.util.concurrent.ThreadPoolExecutor.runWorker(Unknown Source)
	at java.util.concurrent.ThreadPoolExecutor$Worker.run(Unknown Source)
	at java.lang.Thread.run(Unknown Source)
</pre></div></td>
<td>131</td>
<td>com.liqvid.scripts.AdminFunctionalTest@51cdd8a</td></tr>
<tr>
<td title='com.liqvid.scripts.AdminFunctionalTest.testEditProfileFunctionality()'><b>testEditProfileFunctionality</b><br>Test class: com.liqvid.scripts.AdminFunctionalTest<br>Test method: Verify all the error messages in the 'Admin profile' page, Verify change password functionality with valid data and login with new password and After Changing Password try to Login with old password.<br>Parameters: Firefox<br/>
<a href="#Output-1173297448" onClick='toggleBox("Output-1173297448", this, "Show output", "Hide output");'>Show output</a>

<a href="#Output-1173297448" onClick="toggleAllBoxes();">Show all outputs</a>
<div class='log' id="Output-1173297448">
STEP981<br/>
STEP982<br/>
STEP983<br/>
STEP988<br/>
STEP989<br/>
STEP990<br/>
STEP991<br/>
STEP992<br/>
STEP993<br/>
STEP1011<br/>
STEP1012<br/>
STEP1013<br/>
STEP1014<br/>
STEP1015<br/>
STEP1038<br/>
</div>
</td>
<td></td>
<td>234</td>
<td>com.liqvid.scripts.AdminFunctionalTest@51cdd8a</td></tr>
<tr>
<td title='com.liqvid.scripts.AdminFunctionalTest.testResourceDocument()'><b>testResourceDocument</b><br>Test class: com.liqvid.scripts.AdminFunctionalTest<br>Test method: Verify the Document in Resources<br>Parameters: Firefox<br/>
<a href="#Output-1613740925" onClick='toggleBox("Output-1613740925", this, "Show output", "Hide output");'>Show output</a>

<a href="#Output-1613740925" onClick="toggleAllBoxes();">Show all outputs</a>
<div class='log' id="Output-1613740925">
STEP1040<br/>
STEP1041<br/>
STEP1044<br/>
</div>
</td>
<td></td>
<td>61</td>
<td>com.liqvid.scripts.AdminFunctionalTest@51cdd8a</td></tr>
<tr>
<td title='com.liqvid.scripts.AdminFunctionalTest.testStudenBulktUpload()'><b>testStudenBulktUpload</b><br>Test class: com.liqvid.scripts.AdminFunctionalTest<br>Test method: Verify Student Bulk upload using valid file, Verify Student Bulk upload using invalid filetypes<br>Parameters: Firefox<br/>
<a href="#Output-1144299125" onClick='toggleBox("Output-1144299125", this, "Show output", "Hide output");'>Show output</a>

<a href="#Output-1144299125" onClick="toggleAllBoxes();">Show all outputs</a>
<div class='log' id="Output-1144299125">
STEP1218<br/>
STEP1219<br/>
STEP1221<br/>
</div>
</td>
<td></td>
<td>73</td>
<td>com.liqvid.scripts.AdminFunctionalTest@51cdd8a</td></tr>
<tr>
<td title='com.liqvid.scripts.AdminFunctionalTest.testStudentRegistrationErrorMessages()'><b>testStudentRegistrationErrorMessages</b><br>Test class: com.liqvid.scripts.AdminFunctionalTest<br>Test method: To verify all the error messages in Student Registeration page<br>Parameters: Firefox<br/>
<a href="#Output-1710749749" onClick='toggleBox("Output-1710749749", this, "Show output", "Hide output");'>Show output</a>

<a href="#Output-1710749749" onClick="toggleAllBoxes();">Show all outputs</a>
<div class='log' id="Output-1710749749">
STEP1380<br/>
STEP1381<br/>
STEP1383<br/>
STEP1384<br/>
STEP1385<br/>
STEP1387<br/>
STEP1389<br/>
STEP1396<br/>
STEP1405<br/>
</div>
</td>
<td></td>
<td>33</td>
<td>com.liqvid.scripts.AdminFunctionalTest@51cdd8a</td></tr>
<tr>
<td title='com.liqvid.scripts.AdminFunctionalTest.testStudentRegistrationWithoutMobileNumber()'><b>testStudentRegistrationWithoutMobileNumber</b><br>Test class: com.liqvid.scripts.AdminFunctionalTest<br>Test method: Verify students registration without mobile number and valid details, and login with the credentials<br>Parameters: Firefox<br/>
<a href="#Output-365691072" onClick='toggleBox("Output-365691072", this, "Show output", "Hide output");'>Show output</a>

<a href="#Output-365691072" onClick="toggleAllBoxes();">Show all outputs</a>
<div class='log' id="Output-365691072">
STEP1254<br/>
STEP1255<br/>
STEP1256<br/>
STEP1341<br/>
STEP1342<br/>
STEP1346<br/>
STEP1351<br/>
STEP1352<br/>
STEP1353<br/>
STEP1354<br/>
STEP1355<br/>
STEP1356<br/>
STEP1357<br/>
</div>
</td>
<td></td>
<td>124</td>
<td>com.liqvid.scripts.AdminFunctionalTest@51cdd8a</td></tr>
<tr>
<td title='com.liqvid.scripts.AdminFunctionalTest.testTeacherRegistrationErrorMessages()'><b>testTeacherRegistrationErrorMessages</b><br>Test class: com.liqvid.scripts.AdminFunctionalTest<br>Test method: Verify all the error messages in the teacher registration page<br>Parameters: Firefox<br/>
<a href="#Output-1832595149" onClick='toggleBox("Output-1832595149", this, "Show output", "Hide output");'>Show output</a>

<a href="#Output-1832595149" onClick="toggleAllBoxes();">Show all outputs</a>
<div class='log' id="Output-1832595149">
STEP1229<br/>
STEP1231<br/>
STEP1232<br/>
STEP1233<br/>
STEP1234<br/>
STEP1235<br/>
STEP1237<br/>
STEP1238<br/>
STEP1239<br/>
</div>
</td>
<td></td>
<td>33</td>
<td>com.liqvid.scripts.AdminFunctionalTest@51cdd8a</td></tr>
<tr>
<td title='com.liqvid.scripts.AdminFunctionalTest.testTeacherRegistrationForMulitpleBatches()'><b>testTeacherRegistrationForMulitpleBatches</b><br>Test class: com.liqvid.scripts.AdminFunctionalTest<br>Test method: Verify Teacher registration with valid details for multiple batches<br>Parameters: Firefox<br/>
<a href="#Output-878095466" onClick='toggleBox("Output-878095466", this, "Show output", "Hide output");'>Show output</a>

<a href="#Output-878095466" onClick="toggleAllBoxes();">Show all outputs</a>
<div class='log' id="Output-878095466">
STEP1243<br/>
STEP1244<br/>
STEP1245<br/>
STEP1246<br/>
</div>
</td>
<td></td>
<td>40</td>
<td>com.liqvid.scripts.AdminFunctionalTest@51cdd8a</td></tr>
<tr>
<td title='com.liqvid.scripts.AdminFunctionalTest.testUploadInvalidProfileImage()'><b>testUploadInvalidProfileImage</b><br>Test class: com.liqvid.scripts.AdminFunctionalTest<br>Test method: Verify change Profile image functionality with invalid  file types<br>Parameters: Firefox<br/>
<a href="#Output-371154985" onClick='toggleBox("Output-371154985", this, "Show output", "Hide output");'>Show output</a>

<a href="#Output-371154985" onClick="toggleAllBoxes();">Show all outputs</a>
<div class='log' id="Output-371154985">
STEP1187<br/>
STEP1188<br/>
STEP1189<br/>
</div>
</td>
<td></td>
<td>126</td>
<td>com.liqvid.scripts.AdminFunctionalTest@51cdd8a</td></tr>
<tr>
<td title='com.liqvid.scripts.AdminFunctionalTest.testUploadValidProfileImage()'><b>testUploadValidProfileImage</b><br>Test class: com.liqvid.scripts.AdminFunctionalTest<br>Test method: Verify change Profile image functionality with valid  file types<br>Parameters: Firefox<br/>
<a href="#Output-2112426293" onClick='toggleBox("Output-2112426293", this, "Show output", "Hide output");'>Show output</a>

<a href="#Output-2112426293" onClick="toggleAllBoxes();">Show all outputs</a>
<div class='log' id="Output-2112426293">
STEP1133<br/>
STEP1134<br/>
STEP1135<br/>
</div>
</td>
<td></td>
<td>120</td>
<td>com.liqvid.scripts.AdminFunctionalTest@51cdd8a</td></tr>
<tr>
<td title='com.liqvid.scripts.AdminPagelevelTest.testVerifyAdminHomePageElements()'><b>testVerifyAdminHomePageElements</b><br>Test class: com.liqvid.scripts.AdminPagelevelTest<br>Test method: To verify Admin login with valid username and invalid Password, invalid username and valid Password,invalid username and invalid Password,valid credentials and Verify the elements in Admin home page<br>Parameters: Firefox<br/>
<a href="#Output-1938737675" onClick='toggleBox("Output-1938737675", this, "Show output", "Hide output");'>Show output</a>

<a href="#Output-1938737675" onClick="toggleAllBoxes();">Show all outputs</a>
<div class='log' id="Output-1938737675">
STEP1419<br/>
STEP1420<br/>
STEP1421<br/>
STEP1422<br/>
STEP1423<br/>
STEP1424<br/>
STEP1425<br/>
STEP1426<br/>
STEP1427<br/>
STEP1428<br/>
STEP1429<br/>
STEP1430<br/>
STEP1431<br/>
STEP1432<br/>
STEP1433<br/>
STEP1434<br/>
STEP1441<br/>
STEP1453<br/>
STEP1454<br/>
STEP1455<br/>
STEP1456<br/>
STEP1457<br/>
STEP1458<br/>
STEP1459<br/>
STEP1460<br/>
STEP1461<br/>
STEP1462<br/>
STEP1463<br/>
STEP1464<br/>
STEP1465<br/>
STEP1466<br/>
STEP1467<br/>
STEP1468<br/>
STEP1469<br/>
STEP1470<br/>
STEP1471<br/>
STEP1472<br/>
STEP1473<br/>
STEP1474<br/>
STEP1475<br/>
STEP1476<br/>
STEP1477<br/>
STEP1478<br/>
STEP1479<br/>
STEP1480<br/>
STEP1481<br/>
STEP1482<br/>
STEP1483<br/>
STEP1484<br/>
STEP1485<br/>
STEP1486<br/>
STEP1487<br/>
STEP1488<br/>
STEP1489<br/>
STEP1490<br/>
STEP1491<br/>
STEP1492<br/>
STEP1493<br/>
STEP1494<br/>
STEP1495<br/>
STEP1496<br/>
STEP1497<br/>
STEP1498<br/>
STEP1499<br/>
STEP1500<br/>
STEP1501<br/>
STEP1502<br/>
</div>
</td>
<td></td>
<td>77</td>
<td>com.liqvid.scripts.AdminPagelevelTest@d44fc21</td></tr>
<tr>
<td title='com.liqvid.scripts.AdminPagelevelTest.testVerifyAdminProfilePageElements()'><b>testVerifyAdminProfilePageElements</b><br>Test class: com.liqvid.scripts.AdminPagelevelTest<br>Test method: Display of elements in 'Profile' Page after clicking on 'Change password'<br>Parameters: Firefox<br/>
<a href="#Output-144562794" onClick='toggleBox("Output-144562794", this, "Show output", "Hide output");'>Show output</a>

<a href="#Output-144562794" onClick="toggleAllBoxes();">Show all outputs</a>
<div class='log' id="Output-144562794">
STEP1879<br/>
STEP1880<br/>
STEP1881<br/>
STEP1977<br/>
STEP1978<br/>
STEP1979<br/>
STEP1980<br/>
STEP1981<br/>
STEP1982<br/>
STEP1983<br/>
STEP1984<br/>
STEP1985<br/>
STEP1986<br/>
STEP1987<br/>
STEP1988<br/>
STEP1989<br/>
STEP1990<br/>
STEP1991<br/>
STEP1992<br/>
STEP1993<br/>
STEP1994<br/>
STEP1995<br/>
STEP1996<br/>
STEP1997<br/>
STEP1998<br/>
STEP1999<br/>
STEP2000<br/>
STEP2001<br/>
STEP2002<br/>
</div>
</td>
<td></td>
<td>104</td>
<td>com.liqvid.scripts.AdminPagelevelTest@d44fc21</td></tr>
<tr>
<td title='com.liqvid.scripts.AdminPagelevelTest.testVerifyBatchSections()'><b>testVerifyBatchSections</b><br>Test class: com.liqvid.scripts.AdminPagelevelTest<br>Test method: Display of Elements in 'CreateBatch' after clicking on 'add' button, Display of Elements in 'CreateBatch' page after clicking on 'remove' button<br>Parameters: Firefox<br/>
<a href="#Output-262055497" onClick='toggleBox("Output-262055497", this, "Show output", "Hide output");'>Show output</a>

<a href="#Output-262055497" onClick="toggleAllBoxes();">Show all outputs</a>
<div class='log' id="Output-262055497">
STEP1597<br/>
STEP1598<br/>
STEP1599<br/>
STEP1611<br/>
STEP1617<br/>
STEP1618<br/>
STEP1623<br/>
</div>
</td>
<td></td>
<td>88</td>
<td>com.liqvid.scripts.AdminPagelevelTest@d44fc21</td></tr>
<tr>
<td title='com.liqvid.scripts.AdminPagelevelTest.testVerifyCreateBatchPageElements()'><b>testVerifyCreateBatchPageElements</b><br>Test class: com.liqvid.scripts.AdminPagelevelTest<br>Test method: Display of Elements after selecting Class drop down, after selecting section from drop down, after selecting section to drop down<br>Parameters: Firefox<br/>
<a href="#Output-838396067" onClick='toggleBox("Output-838396067", this, "Show output", "Hide output");'>Show output</a>

<a href="#Output-838396067" onClick="toggleAllBoxes();">Show all outputs</a>
<div class='log' id="Output-838396067">
STEP1503<br/>
STEP1504<br/>
STEP1505<br/>
STEP1518<br/>
STEP1520<br/>
STEP1521<br/>
STEP1522<br/>
STEP1523<br/>
STEP1524<br/>
STEP1525<br/>
STEP1526<br/>
STEP1527<br/>
STEP1528<br/>
STEP1529<br/>
STEP1530<br/>
STEP1531<br/>
STEP1532<br/>
STEP1533<br/>
STEP1534<br/>
STEP1535<br/>
STEP1536<br/>
STEP1537<br/>
STEP1538<br/>
STEP1539<br/>
STEP1540<br/>
STEP1541<br/>
STEP1542<br/>
STEP1543<br/>
STEP1544<br/>
STEP1545<br/>
STEP1546<br/>
STEP1547<br/>
STEP1548<br/>
STEP1549<br/>
STEP1550<br/>
STEP1551<br/>
STEP1552<br/>
STEP1553<br/>
STEP1554<br/>
STEP1555<br/>
STEP1556<br/>
STEP1557<br/>
STEP1558<br/>
STEP1559<br/>
STEP1560<br/>
STEP1561<br/>
STEP1562<br/>
STEP1566<br/>
STEP1567<br/>
STEP1568<br/>
STEP1569<br/>
STEP1570<br/>
STEP1571<br/>
STEP1572<br/>
STEP1573<br/>
STEP1574<br/>
STEP1576<br/>
STEP1577<br/>
STEP1578<br/>
STEP1579<br/>
STEP1580<br/>
STEP1581<br/>
STEP1582<br/>
STEP1583<br/>
STEP1584<br/>
STEP1585<br/>
STEP1586<br/>
STEP1587<br/>
STEP1588<br/>
STEP1589<br/>
STEP1590<br/>
STEP1591<br/>
STEP1592<br/>
STEP1593<br/>
STEP1594<br/>
STEP1595<br/>
STEP1596<br/>
</div>
</td>
<td></td>
<td>87</td>
<td>com.liqvid.scripts.AdminPagelevelTest@d44fc21</td></tr>
<tr>
<td title='com.liqvid.scripts.AdminPagelevelTest.testVerifyElementsBatchReportPage()'><b>testVerifyElementsBatchReportPage</b><br>Test class: com.liqvid.scripts.AdminPagelevelTest<br>Test method: Display of Elements in 'Batch Report' Page without selecting any options, Verify the Batch Report by selecting 'Class', 'Section' and 'Type'.<br>Parameters: Firefox<br/>
<a href="#Output-426202942" onClick='toggleBox("Output-426202942", this, "Show output", "Hide output");'>Show output</a>

<a href="#Output-426202942" onClick="toggleAllBoxes();">Show all outputs</a>
<div class='log' id="Output-426202942">
STEP1625<br/>
STEP1626<br/>
STEP1628<br/>
STEP1699<br/>
STEP1718<br/>
STEP1719<br/>
STEP1720<br/>
STEP1721<br/>
STEP1722<br/>
STEP1723<br/>
STEP1724<br/>
STEP1725<br/>
STEP1726<br/>
STEP1730<br/>
STEP1731<br/>
STEP1732<br/>
STEP1733<br/>
STEP1734<br/>
STEP1735<br/>
STEP1736<br/>
STEP1737<br/>
STEP1738<br/>
STEP1739<br/>
</div>
</td>
<td></td>
<td>86</td>
<td>com.liqvid.scripts.AdminPagelevelTest@d44fc21</td></tr>
<tr>
<td title='com.liqvid.scripts.AdminPagelevelTest.testVerifyElementsResources()'><b>testVerifyElementsResources</b><br>Test class: com.liqvid.scripts.AdminPagelevelTest<br>Test method: Display of Elements in 'Resources' Page<br>Parameters: Firefox<br/>
<a href="#Output-725832912" onClick='toggleBox("Output-725832912", this, "Show output", "Hide output");'>Show output</a>

<a href="#Output-725832912" onClick="toggleAllBoxes();">Show all outputs</a>
<div class='log' id="Output-725832912">
STEP1791<br/>
STEP1792<br/>
STEP1799<br/>
STEP1804<br/>
STEP1805<br/>
STEP1806<br/>
STEP1807<br/>
</div>
</td>
<td></td>
<td>60</td>
<td>com.liqvid.scripts.AdminPagelevelTest@d44fc21</td></tr>
<tr>
<td title='com.liqvid.scripts.AdminPagelevelTest.testVerifyElementsStudentUpload()'><b>testVerifyElementsStudentUpload</b><br>Test class: com.liqvid.scripts.AdminPagelevelTest<br>Test method: Display of Elements in 'Student Upload' Page<br>Parameters: Firefox<br/>
<a href="#Output-603961460" onClick='toggleBox("Output-603961460", this, "Show output", "Hide output");'>Show output</a>

<a href="#Output-603961460" onClick="toggleAllBoxes();">Show all outputs</a>
<div class='log' id="Output-603961460">
STEP1744<br/>
STEP1745<br/>
STEP1746<br/>
STEP1760<br/>
STEP1767<br/>
STEP1768<br/>
STEP1769<br/>
STEP1770<br/>
STEP1771<br/>
STEP1772<br/>
</div>
</td>
<td></td>
<td>66</td>
<td>com.liqvid.scripts.AdminPagelevelTest@d44fc21</td></tr>
<tr>
<td title='com.liqvid.scripts.AdminPagelevelTest.testVerifyForgotPasswordPageElements()'><b>testVerifyForgotPasswordPageElements</b><br>Test class: com.liqvid.scripts.AdminPagelevelTest<br>Test method: Verify the elements in Forgot Password page<br>Parameters: Firefox<br/>
<a href="#Output-524455517" onClick='toggleBox("Output-524455517", this, "Show output", "Hide output");'>Show output</a>

<a href="#Output-524455517" onClick="toggleAllBoxes();">Show all outputs</a>
<div class='log' id="Output-524455517">
STEP2007<br/>
STEP2008<br/>
</div>
</td>
<td></td>
<td>9</td>
<td>com.liqvid.scripts.AdminPagelevelTest@d44fc21</td></tr>
<tr>
<td title='com.liqvid.scripts.AdminPagelevelTest.testVerifyStudentregistration()'><b>testVerifyStudentregistration</b><br>Test class: com.liqvid.scripts.AdminPagelevelTest<br>Test method: Display of elements in Student Registration page<br>Parameters: Firefox<br/>
<a href="#Output-614031487" onClick='toggleBox("Output-614031487", this, "Show output", "Hide output");'>Show output</a>

<a href="#Output-614031487" onClick="toggleAllBoxes();">Show all outputs</a>
<div class='log' id="Output-614031487">
STEP1848<br/>
STEP1849<br/>
STEP1850<br/>
STEP1851<br/>
STEP1852<br/>
STEP1853<br/>
STEP1854<br/>
STEP1855<br/>
STEP1856<br/>
STEP1857<br/>
STEP1858<br/>
STEP1859<br/>
STEP1860<br/>
STEP1861<br/>
STEP1862<br/>
STEP1863<br/>
STEP1864<br/>
STEP1865<br/>
STEP1866<br/>
STEP1867<br/>
STEP1868<br/>
STEP1869<br/>
STEP1870<br/>
STEP1871<br/>
STEP1872<br/>
STEP1873<br/>
STEP1874<br/>
STEP1875<br/>
</div>
</td>
<td></td>
<td>25</td>
<td>com.liqvid.scripts.AdminPagelevelTest@d44fc21</td></tr>
<tr>
<td title='com.liqvid.scripts.AdminPagelevelTest.testVerifyTeachersregistration()'><b>testVerifyTeachersregistration</b><br>Test class: com.liqvid.scripts.AdminPagelevelTest<br>Test method: Display of elements in Teachers Registration page<br>Parameters: Firefox<br/>
<a href="#Output-275715220" onClick='toggleBox("Output-275715220", this, "Show output", "Hide output");'>Show output</a>

<a href="#Output-275715220" onClick="toggleAllBoxes();">Show all outputs</a>
<div class='log' id="Output-275715220">
STEP1808<br/>
STEP1809<br/>
STEP1810<br/>
STEP1811<br/>
STEP1812<br/>
STEP1813<br/>
STEP1814<br/>
STEP1815<br/>
STEP1816<br/>
STEP1817<br/>
STEP1818<br/>
STEP1819<br/>
STEP1820<br/>
STEP1821<br/>
STEP1822<br/>
STEP1823<br/>
STEP1824<br/>
STEP1825<br/>
STEP1826<br/>
STEP1827<br/>
STEP1828<br/>
STEP1829<br/>
STEP1830<br/>
STEP1831<br/>
STEP1832<br/>
STEP1833<br/>
STEP1834<br/>
</div>
</td>
<td></td>
<td>29</td>
<td>com.liqvid.scripts.AdminPagelevelTest@d44fc21</td></tr>
<tr>
<td title='com.liqvid.scripts.StudentFunctionalTest.verifyChangePasswordStudentProfile()'><b>verifyChangePasswordStudentProfile</b><br>Test class: com.liqvid.scripts.StudentFunctionalTest<br>Test method: Verify the functionality of 'Change Password' link after entering the values in  Old Password, New Password and confirm Password fields,After Changing Password try to Login with old password,Verify change password functionality of the student with valid data and login with new password .<br>Parameters: Firefox<br/>
<a href="#Output-1760557717" onClick='toggleBox("Output-1760557717", this, "Show output", "Hide output");'>Show output</a>

<a href="#Output-1760557717" onClick="toggleAllBoxes();">Show all outputs</a>
<div class='log' id="Output-1760557717">
STEP798<br/>
STEP799<br/>
STEP800<br/>
STEP804<br/>
STEP805<br/>
STEP806<br/>
STEP807<br/>
STEP808<br/>
STEP809<br/>
STEP811<br/>
STEP812<br/>
STEP813<br/>
STEP814<br/>
STEP818<br/>
STEP819<br/>
STEP831<br/>
STEP836<br/>
</div>
</td>
<td></td>
<td>75</td>
<td>com.liqvid.scripts.StudentFunctionalTest@23faf8f2</td></tr>
<tr>
<td title='com.liqvid.scripts.AdminFunctionalTest.verifyCredentialsFromGmail()'><b>verifyCredentialsFromGmail</b><br>Test class: com.liqvid.scripts.AdminFunctionalTest<br>Test method: Verify Forgot Password functionality with valid and invalid registered details and login to gmail and check the credential<br>Parameters: Firefox<br/>
<a href="#Output-1120151981" onClick='toggleBox("Output-1120151981", this, "Show output", "Hide output");'>Show output</a>

<a href="#Output-1120151981" onClick="toggleAllBoxes();">Show all outputs</a>
<div class='log' id="Output-1120151981">
STEP1411<br/>
STEP1412<br/>
STEP1413<br/>
STEP1414<br/>
STEP1418<br/>
</div>
</td>
<td></td>
<td>33</td>
<td>com.liqvid.scripts.AdminFunctionalTest@51cdd8a</td></tr>
<tr>
<td title='com.liqvid.scripts.StudentFunctionalTest.verifyErrorMessageInProfile()'><b>verifyErrorMessageInProfile</b><br>Test class: com.liqvid.scripts.StudentFunctionalTest<br>Test method: Verify the error messages in the profile page<br>Parameters: Firefox<br/>
<a href="#Output-1264457819" onClick='toggleBox("Output-1264457819", this, "Show output", "Hide output");'>Show output</a>

<a href="#Output-1264457819" onClick="toggleAllBoxes();">Show all outputs</a>
<div class='log' id="Output-1264457819">
STEP103<br/>
STEP104<br/>
STEP105<br/>
STEP109<br/>
STEP110<br/>
STEP114<br/>
</div>
</td>
<td></td>
<td>34</td>
<td>com.liqvid.scripts.StudentFunctionalTest@23faf8f2</td></tr>
<tr>
<td title='com.liqvid.scripts.StudentFunctionalTest.verifyInvalidEmailidPhoneNumber()'><b>verifyInvalidEmailidPhoneNumber</b><br>Test class: com.liqvid.scripts.StudentFunctionalTest<br>Test method:  Verify the error messages that displayed when Invalid 'Email Id',Invalid 'Phone number' is entered<br>Parameters: Firefox<br/>
<a href="#Output-1655927588" onClick='toggleBox("Output-1655927588", this, "Show output", "Hide output");'>Show output</a>

<a href="#Output-1655927588" onClick="toggleAllBoxes();">Show all outputs</a>
<div class='log' id="Output-1655927588">
STEP92<br/>
STEP93<br/>
STEP94<br/>
STEP99<br/>
STEP100<br/>
</div>
</td>
<td></td>
<td>24</td>
<td>com.liqvid.scripts.StudentFunctionalTest@23faf8f2</td></tr>
<tr>
<td title='com.liqvid.scripts.StudentFunctionalTest.verifyInvalidOldPwd()'><b>verifyInvalidOldPwd</b><br>Test class: com.liqvid.scripts.StudentFunctionalTest<br>Test method: Verify change password functionality of the student with Invalid old password and Valid New password and Confirm Password.<br>Parameters: Firefox<br/>
<a href="#Output-2107364939" onClick='toggleBox("Output-2107364939", this, "Show output", "Hide output");'>Show output</a>

<a href="#Output-2107364939" onClick="toggleAllBoxes();">Show all outputs</a>
<div class='log' id="Output-2107364939">
STEP61<br/>
STEP62<br/>
STEP65<br/>
STEP74<br/>
STEP76<br/>
</div>
</td>
<td></td>
<td>25</td>
<td>com.liqvid.scripts.StudentFunctionalTest@23faf8f2</td></tr>
<tr>
<td title='com.liqvid.scripts.StudentFunctionalTest.verifyPostAssessementError()'><b>verifyPostAssessementError</b><br>Test class: com.liqvid.scripts.StudentFunctionalTest<br>Test method: Verify the Message that appears when user click the start test button for the second button<br>Parameters: Firefox<br/>
<a href="#Output-207041500" onClick='toggleBox("Output-207041500", this, "Show output", "Hide output");'>Show output</a>

<a href="#Output-207041500" onClick="toggleAllBoxes();">Show all outputs</a>
<div class='log' id="Output-207041500">
STEP776<br/>
STEP777<br/>
STEP778<br/>
STEP796<br/>
</div>
</td>
<td></td>
<td>53</td>
<td>com.liqvid.scripts.StudentFunctionalTest@23faf8f2</td></tr>
<tr>
<td title='com.liqvid.scripts.StudentFunctionalTest.verifyPreAssessementError()'><b>verifyPreAssessementError</b><br>Test class: com.liqvid.scripts.StudentFunctionalTest<br>Test method: Verify the Message that appears when user click the start test button for the second button<br>Parameters: Firefox<br/>
<a href="#Output-458295152" onClick='toggleBox("Output-458295152", this, "Show output", "Hide output");'>Show output</a>

<a href="#Output-458295152" onClick="toggleAllBoxes();">Show all outputs</a>
<div class='log' id="Output-458295152">
STEP769<br/>
STEP770<br/>
STEP771<br/>
STEP775<br/>
</div>
</td>
<td></td>
<td>46</td>
<td>com.liqvid.scripts.StudentFunctionalTest@23faf8f2</td></tr>
<tr>
<td title='com.liqvid.scripts.StudentPageLevelTest.verifyStudentCoursesPage()'><b>verifyStudentCoursesPage</b><br>Test class: com.liqvid.scripts.StudentPageLevelTest<br>Test method: To Verify Display of elements on Student Courses page<br>Parameters: Firefox<br/>
<a href="#Output-2055548328" onClick='toggleBox("Output-2055548328", this, "Show output", "Hide output");'>Show output</a>

<a href="#Output-2055548328" onClick="toggleAllBoxes();">Show all outputs</a>
<div class='log' id="Output-2055548328">
STEP2146<br/>
STEP2147<br/>
STEP2148<br/>
STEP2149<br/>
STEP2150<br/>
STEP2151<br/>
STEP2152<br/>
STEP2153<br/>
STEP2154<br/>
STEP2155<br/>
STEP2156<br/>
STEP2157<br/>
STEP2158<br/>
STEP2163<br/>
STEP2164<br/>
STEP2165<br/>
STEP2166<br/>
STEP2167<br/>
STEP2168<br/>
STEP2169<br/>
STEP2170<br/>
STEP2171<br/>
STEP2172<br/>
STEP2173<br/>
STEP2174<br/>
STEP2175<br/>
STEP2176<br/>
STEP2177<br/>
STEP2178<br/>
STEP2179<br/>
STEP2180<br/>
STEP2181<br/>
STEP2182<br/>
STEP2183<br/>
STEP2184<br/>
STEP2185<br/>
STEP2186<br/>
STEP2187<br/>
STEP2188<br/>
STEP2189<br/>
STEP2190<br/>
</div>
</td>
<td></td>
<td>34</td>
<td>com.liqvid.scripts.StudentPageLevelTest@2d6eabae</td></tr>
<tr>
<td title='com.liqvid.scripts.StudentFunctionalTest.verifyStudentHomePage()'><b>verifyStudentHomePage</b><br>Test class: com.liqvid.scripts.StudentFunctionalTest<br>Test method: Login with valid credentials and verify the elements in the home page<br>Parameters: Firefox<br/>
<a href="#Output-1001342796" onClick='toggleBox("Output-1001342796", this, "Show output", "Hide output");'>Show output</a>

<a href="#Output-1001342796" onClick="toggleAllBoxes();">Show all outputs</a>
<div class='log' id="Output-1001342796">
STEP16<br/>
STEP17<br/>
STEP20<br/>
STEP23<br/>
STEP26<br/>
STEP29<br/>
STEP30<br/>
STEP32<br/>
STEP33<br/>
STEP35<br/>
STEP36<br/>
STEP37<br/>
STEP38<br/>
STEP39<br/>
</div>
</td>
<td><div><pre>[KIRWA Custom Reporter Step Failed Exception]
	at com.liqvid.library.MyNXGTestListner.onTestSuccess(MyNXGTestListner.java:96)
	at java.util.concurrent.FutureTask.run(Unknown Source)
	at java.util.concurrent.ThreadPoolExecutor.runWorker(Unknown Source)
	at java.util.concurrent.ThreadPoolExecutor$Worker.run(Unknown Source)
	at java.lang.Thread.run(Unknown Source)
... Removed 13 stack frames</pre></div><a href='#' onClick='toggleBox("stack-trace1001342796", this, "Click to show all stack frames", "Click to hide stack frames")'>Click to show all stack frames</a>
<div class='stack-trace' id='stack-trace1001342796'><pre>[KIRWA Custom Reporter Step Failed Exception]
	at com.liqvid.library.MyNXGTestListner.onTestSuccess(MyNXGTestListner.java:96)
	at org.testng.internal.Invoker.runTestListeners(Invoker.java:1695)
	at org.testng.internal.Invoker.runTestListeners(Invoker.java:1675)
	at org.testng.internal.Invoker.invokeMethod(Invoker.java:700)
	at org.testng.internal.Invoker.invokeTestMethod(Invoker.java:820)
	at org.testng.internal.Invoker.invokeTestMethods(Invoker.java:1128)
	at org.testng.internal.TestMethodWorker.invokeTestMethods(TestMethodWorker.java:129)
	at org.testng.internal.TestMethodWorker.run(TestMethodWorker.java:112)
	at org.testng.TestRunner.privateRun(TestRunner.java:782)
	at org.testng.TestRunner.run(TestRunner.java:632)
	at org.testng.SuiteRunner.runTest(SuiteRunner.java:366)
	at org.testng.SuiteRunner.access$000(SuiteRunner.java:39)
	at org.testng.SuiteRunner$SuiteWorker.run(SuiteRunner.java:400)
	at org.testng.internal.thread.ThreadUtil$2.call(ThreadUtil.java:64)
	at java.util.concurrent.FutureTask.run(Unknown Source)
	at java.util.concurrent.ThreadPoolExecutor.runWorker(Unknown Source)
	at java.util.concurrent.ThreadPoolExecutor$Worker.run(Unknown Source)
	at java.lang.Thread.run(Unknown Source)
</pre></div></td>
<td>56</td>
<td>com.liqvid.scripts.StudentFunctionalTest@23faf8f2</td></tr>
<tr>
<td title='com.liqvid.scripts.StudentPageLevelTest.verifyStudentHomepage()'><b>verifyStudentHomepage</b><br>Test class: com.liqvid.scripts.StudentPageLevelTest<br>Test method: Display of elements on Student Home Page<br>Parameters: Firefox<br/>
<a href="#Output-237133841" onClick='toggleBox("Output-237133841", this, "Show output", "Hide output");'>Show output</a>

<a href="#Output-237133841" onClick="toggleAllBoxes();">Show all outputs</a>
<div class='log' id="Output-237133841">
STEP2064<br/>
STEP2065<br/>
STEP2066<br/>
STEP2068<br/>
STEP2069<br/>
STEP2070<br/>
STEP2071<br/>
STEP2072<br/>
STEP2073<br/>
STEP2074<br/>
STEP2075<br/>
STEP2076<br/>
STEP2077<br/>
STEP2078<br/>
STEP2079<br/>
STEP2083<br/>
STEP2084<br/>
STEP2085<br/>
STEP2086<br/>
STEP2087<br/>
STEP2088<br/>
STEP2089<br/>
STEP2090<br/>
STEP2091<br/>
STEP2092<br/>
STEP2093<br/>
STEP2094<br/>
STEP2095<br/>
STEP2096<br/>
STEP2097<br/>
STEP2098<br/>
STEP2099<br/>
STEP2100<br/>
STEP2101<br/>
STEP2102<br/>
STEP2103<br/>
</div>
</td>
<td><div><pre>[KIRWA Custom Reporter Step Failed Exception]
	at com.liqvid.library.MyNXGTestListner.onTestSuccess(MyNXGTestListner.java:96)
	at java.util.concurrent.FutureTask.run(Unknown Source)
	at java.util.concurrent.ThreadPoolExecutor.runWorker(Unknown Source)
	at java.util.concurrent.ThreadPoolExecutor$Worker.run(Unknown Source)
	at java.lang.Thread.run(Unknown Source)
... Removed 13 stack frames</pre></div><a href='#' onClick='toggleBox("stack-trace237133841", this, "Click to show all stack frames", "Click to hide stack frames")'>Click to show all stack frames</a>
<div class='stack-trace' id='stack-trace237133841'><pre>[KIRWA Custom Reporter Step Failed Exception]
	at com.liqvid.library.MyNXGTestListner.onTestSuccess(MyNXGTestListner.java:96)
	at org.testng.internal.Invoker.runTestListeners(Invoker.java:1695)
	at org.testng.internal.Invoker.runTestListeners(Invoker.java:1675)
	at org.testng.internal.Invoker.invokeMethod(Invoker.java:700)
	at org.testng.internal.Invoker.invokeTestMethod(Invoker.java:820)
	at org.testng.internal.Invoker.invokeTestMethods(Invoker.java:1128)
	at org.testng.internal.TestMethodWorker.invokeTestMethods(TestMethodWorker.java:129)
	at org.testng.internal.TestMethodWorker.run(TestMethodWorker.java:112)
	at org.testng.TestRunner.privateRun(TestRunner.java:782)
	at org.testng.TestRunner.run(TestRunner.java:632)
	at org.testng.SuiteRunner.runTest(SuiteRunner.java:366)
	at org.testng.SuiteRunner.access$000(SuiteRunner.java:39)
	at org.testng.SuiteRunner$SuiteWorker.run(SuiteRunner.java:400)
	at org.testng.internal.thread.ThreadUtil$2.call(ThreadUtil.java:64)
	at java.util.concurrent.FutureTask.run(Unknown Source)
	at java.util.concurrent.ThreadPoolExecutor.runWorker(Unknown Source)
	at java.util.concurrent.ThreadPoolExecutor$Worker.run(Unknown Source)
	at java.lang.Thread.run(Unknown Source)
</pre></div></td>
<td>55</td>
<td>com.liqvid.scripts.StudentPageLevelTest@2d6eabae</td></tr>
<tr>
<td title='com.liqvid.scripts.StudentPageLevelTest.verifyStudentLoginPage()'><b>verifyStudentLoginPage</b><br>Test class: com.liqvid.scripts.StudentPageLevelTest<br>Test method: Display Of Elements On Student login Page<br>Parameters: Firefox<br/>
<a href="#Output-1397497802" onClick='toggleBox("Output-1397497802", this, "Show output", "Hide output");'>Show output</a>

<a href="#Output-1397497802" onClick="toggleAllBoxes();">Show all outputs</a>
<div class='log' id="Output-1397497802">
STEP2033<br/>
STEP2034<br/>
STEP2035<br/>
STEP2036<br/>
STEP2037<br/>
STEP2038<br/>
STEP2039<br/>
STEP2040<br/>
STEP2041<br/>
STEP2042<br/>
STEP2043<br/>
STEP2044<br/>
STEP2045<br/>
</div>
</td>
<td></td>
<td>4</td>
<td>com.liqvid.scripts.StudentPageLevelTest@2d6eabae</td></tr>
<tr>
<td title='com.liqvid.scripts.StudentPageLevelTest.verifyStudentProfilePage()'><b>verifyStudentProfilePage</b><br>Test class: com.liqvid.scripts.StudentPageLevelTest<br>Test method: To Verify the Display of elements on Student Profile Page<br>Parameters: Firefox<br/>
<a href="#Output-1760262298" onClick='toggleBox("Output-1760262298", this, "Show output", "Hide output");'>Show output</a>

<a href="#Output-1760262298" onClick="toggleAllBoxes();">Show all outputs</a>
<div class='log' id="Output-1760262298">
STEP2104<br/>
STEP2105<br/>
STEP2106<br/>
STEP2107<br/>
STEP2108<br/>
STEP2109<br/>
STEP2110<br/>
STEP2111<br/>
STEP2112<br/>
STEP2113<br/>
STEP2123<br/>
STEP2124<br/>
STEP2125<br/>
STEP2126<br/>
STEP2127<br/>
STEP2129<br/>
STEP2131<br/>
STEP2132<br/>
STEP2133<br/>
STEP2134<br/>
STEP2136<br/>
STEP2137<br/>
STEP2138<br/>
STEP2139<br/>
STEP2140<br/>
STEP2141<br/>
STEP2142<br/>
STEP2143<br/>
STEP2144<br/>
</div>
</td>
<td><div><pre>[KIRWA Custom Reporter Step Failed Exception]
	at com.liqvid.library.MyNXGTestListner.onTestSuccess(MyNXGTestListner.java:96)
	at java.util.concurrent.FutureTask.run(Unknown Source)
	at java.util.concurrent.ThreadPoolExecutor.runWorker(Unknown Source)
	at java.util.concurrent.ThreadPoolExecutor$Worker.run(Unknown Source)
	at java.lang.Thread.run(Unknown Source)
... Removed 13 stack frames</pre></div><a href='#' onClick='toggleBox("stack-trace1760262298", this, "Click to show all stack frames", "Click to hide stack frames")'>Click to show all stack frames</a>
<div class='stack-trace' id='stack-trace1760262298'><pre>[KIRWA Custom Reporter Step Failed Exception]
	at com.liqvid.library.MyNXGTestListner.onTestSuccess(MyNXGTestListner.java:96)
	at org.testng.internal.Invoker.runTestListeners(Invoker.java:1695)
	at org.testng.internal.Invoker.runTestListeners(Invoker.java:1675)
	at org.testng.internal.Invoker.invokeMethod(Invoker.java:700)
	at org.testng.internal.Invoker.invokeTestMethod(Invoker.java:820)
	at org.testng.internal.Invoker.invokeTestMethods(Invoker.java:1128)
	at org.testng.internal.TestMethodWorker.invokeTestMethods(TestMethodWorker.java:129)
	at org.testng.internal.TestMethodWorker.run(TestMethodWorker.java:112)
	at org.testng.TestRunner.privateRun(TestRunner.java:782)
	at org.testng.TestRunner.run(TestRunner.java:632)
	at org.testng.SuiteRunner.runTest(SuiteRunner.java:366)
	at org.testng.SuiteRunner.access$000(SuiteRunner.java:39)
	at org.testng.SuiteRunner$SuiteWorker.run(SuiteRunner.java:400)
	at org.testng.internal.thread.ThreadUtil$2.call(ThreadUtil.java:64)
	at java.util.concurrent.FutureTask.run(Unknown Source)
	at java.util.concurrent.ThreadPoolExecutor.runWorker(Unknown Source)
	at java.util.concurrent.ThreadPoolExecutor$Worker.run(Unknown Source)
	at java.lang.Thread.run(Unknown Source)
</pre></div></td>
<td>28</td>
<td>com.liqvid.scripts.StudentPageLevelTest@2d6eabae</td></tr>
<tr>
<td title='com.liqvid.scripts.StudentPageLevelTest.verifyStudentResources()'><b>verifyStudentResources</b><br>Test class: com.liqvid.scripts.StudentPageLevelTest<br>Test method: To Verify Display of elements on Student Resources page<br>Parameters: Firefox<br/>
<a href="#Output-1641869199" onClick='toggleBox("Output-1641869199", this, "Show output", "Hide output");'>Show output</a>

<a href="#Output-1641869199" onClick="toggleAllBoxes();">Show all outputs</a>
<div class='log' id="Output-1641869199">
STEP2191<br/>
STEP2192<br/>
STEP2193<br/>
STEP2194<br/>
STEP2195<br/>
STEP2196<br/>
STEP2197<br/>
STEP2198<br/>
</div>
</td>
<td></td>
<td>23</td>
<td>com.liqvid.scripts.StudentPageLevelTest@2d6eabae</td></tr>
<tr>
<td title='com.liqvid.scripts.StudentFunctionalTest.verifyUploadPhotoStudentProfile()'><b>verifyUploadPhotoStudentProfile</b><br>Test class: com.liqvid.scripts.StudentFunctionalTest<br>Test method: Uploading Photo on Student Profile image,verify the image is removed in the homepage<br>Parameters: Firefox<br/>
<a href="#Output-1804250716" onClick='toggleBox("Output-1804250716", this, "Show output", "Hide output");'>Show output</a>

<a href="#Output-1804250716" onClick="toggleAllBoxes();">Show all outputs</a>
<div class='log' id="Output-1804250716">
STEP43<br/>
STEP44<br/>
STEP47<br/>
STEP48<br/>
STEP51<br/>
STEP52<br/>
STEP55<br/>
STEP56<br/>
STEP57<br/>
</div>
</td>
<td></td>
<td>36</td>
<td>com.liqvid.scripts.StudentFunctionalTest@23faf8f2</td></tr>
</table><p>
</body>
</html>