<?xml version="1.0" encoding="UTF-8"?>
<!-- Generated by org.testng.reporters.JUnitReportReporter -->
<testsuite hostname="TYSS-MF-031" name="com.liqvid.scripts.TeacherPageLevelTest" tests="19" failures="0" timestamp="27 Jun 2017 17:37:12 GMT" time="2131.659" errors="3">
  <testcase name="testShoppingForbasics" time="146.241" classname="com.liqvid.scripts.TeacherPageLevelTest">
    <error type="com.kirwa.nxgreport.exceptions.NXGReporterStepFailedException">
      <![CDATA[[KIRWA Custom Reporter Step Failed Exception]
	at com.liqvid.library.MyNXGTestListner.onTestSuccess(MyNXGTestListner.java:96)
	at org.testng.internal.Invoker.runTestListeners(Invoker.java:1695)
	at org.testng.internal.Invoker.runTestListeners(Invoker.java:1675)
	at org.testng.internal.Invoker.invokeMethod(Invoker.java:700)
	at org.testng.internal.Invoker.invokeTestMethod(Invoker.java:820)
	at org.testng.internal.Invoker.invokeTestMethods(Invoker.java:1128)
	at org.testng.internal.TestMethodWorker.invokeTestMethods(TestMethodWorker.java:129)
	at org.testng.internal.TestMethodWorker.run(TestMethodWorker.java:112)
	at org.testng.TestRunner.privateRun(TestRunner.java:782)
	at org.testng.TestRunner.run(TestRunner.java:632)
	at org.testng.SuiteRunner.runTest(SuiteRunner.java:366)
	at org.testng.SuiteRunner.runSequentially(SuiteRunner.java:361)
	at org.testng.SuiteRunner.privateRun(SuiteRunner.java:319)
	at org.testng.SuiteRunner.run(SuiteRunner.java:268)
	at org.testng.SuiteRunnerWorker.runSuite(SuiteRunnerWorker.java:52)
	at org.testng.SuiteRunnerWorker.run(SuiteRunnerWorker.java:86)
	at org.testng.TestNG.runSuitesSequentially(TestNG.java:1244)
	at org.testng.TestNG.runSuitesLocally(TestNG.java:1169)
	at org.testng.TestNG.run(TestNG.java:1064)
	at org.testng.remote.AbstractRemoteTestNG.run(AbstractRemoteTestNG.java:132)
	at org.testng.remote.RemoteTestNG.initAndRun(RemoteTestNG.java:230)
	at org.testng.remote.RemoteTestNG.main(RemoteTestNG.java:76)
]]>
    </error>
  </testcase> <!-- testShoppingForbasics -->
  <testcase name="testTeacherHomepageElement" time="28.952" classname="com.liqvid.scripts.TeacherPageLevelTest"/>
  <testcase name="testShortTermPlans" time="122.612" classname="com.liqvid.scripts.TeacherPageLevelTest"/>
  <testcase name="testSharingExperiences" time="143.383" classname="com.liqvid.scripts.TeacherPageLevelTest"/>
  <testcase name="testBeingAware" time="135.843" classname="com.liqvid.scripts.TeacherPageLevelTest"/>
  <testcase name="testLikesAndDisLikes" time="136.878" classname="com.liqvid.scripts.TeacherPageLevelTest"/>
  <testcase name="testAcquiringInformation" time="131.487" classname="com.liqvid.scripts.TeacherPageLevelTest"/>
  <testcase name="testResourcespageElement" time="22.170" classname="com.liqvid.scripts.TeacherPageLevelTest"/>
  <testcase name="testGeneralEnquiry" time="141.181" classname="com.liqvid.scripts.TeacherPageLevelTest"/>
  <testcase name="testCasualConversation" time="146.842" classname="com.liqvid.scripts.TeacherPageLevelTest">
    <error type="com.kirwa.nxgreport.exceptions.NXGReporterStepFailedException">
      <![CDATA[[KIRWA Custom Reporter Step Failed Exception]
	at com.liqvid.library.MyNXGTestListner.onTestSuccess(MyNXGTestListner.java:96)
	at org.testng.internal.Invoker.runTestListeners(Invoker.java:1695)
	at org.testng.internal.Invoker.runTestListeners(Invoker.java:1675)
	at org.testng.internal.Invoker.invokeMethod(Invoker.java:700)
	at org.testng.internal.Invoker.invokeTestMethod(Invoker.java:820)
	at org.testng.internal.Invoker.invokeTestMethods(Invoker.java:1128)
	at org.testng.internal.TestMethodWorker.invokeTestMethods(TestMethodWorker.java:129)
	at org.testng.internal.TestMethodWorker.run(TestMethodWorker.java:112)
	at org.testng.TestRunner.privateRun(TestRunner.java:782)
	at org.testng.TestRunner.run(TestRunner.java:632)
	at org.testng.SuiteRunner.runTest(SuiteRunner.java:366)
	at org.testng.SuiteRunner.runSequentially(SuiteRunner.java:361)
	at org.testng.SuiteRunner.privateRun(SuiteRunner.java:319)
	at org.testng.SuiteRunner.run(SuiteRunner.java:268)
	at org.testng.SuiteRunnerWorker.runSuite(SuiteRunnerWorker.java:52)
	at org.testng.SuiteRunnerWorker.run(SuiteRunnerWorker.java:86)
	at org.testng.TestNG.runSuitesSequentially(TestNG.java:1244)
	at org.testng.TestNG.runSuitesLocally(TestNG.java:1169)
	at org.testng.TestNG.run(TestNG.java:1064)
	at org.testng.remote.AbstractRemoteTestNG.run(AbstractRemoteTestNG.java:132)
	at org.testng.remote.RemoteTestNG.initAndRun(RemoteTestNG.java:230)
	at org.testng.remote.RemoteTestNG.main(RemoteTestNG.java:76)
]]>
    </error>
  </testcase> <!-- testCasualConversation -->
  <testcase name="testGreetingsAndIntroduction" time="134.847" classname="com.liqvid.scripts.TeacherPageLevelTest"/>
  <testcase name="testKnowingPeople" time="136.602" classname="com.liqvid.scripts.TeacherPageLevelTest"/>
  <testcase name="testSeekingPermisions" time="116.592" classname="com.liqvid.scripts.TeacherPageLevelTest"/>
  <testcase name="testFamilyAndfriends" time="114.868" classname="com.liqvid.scripts.TeacherPageLevelTest"/>
  <testcase name="testTeacherCoursespageElement" time="21.957" classname="com.liqvid.scripts.TeacherPageLevelTest"/>
  <testcase name="testTeacherProfilepageElement" time="36.206" classname="com.liqvid.scripts.TeacherPageLevelTest">
    <error type="com.kirwa.nxgreport.exceptions.NXGReporterStepFailedException">
      <![CDATA[[KIRWA Custom Reporter Step Failed Exception]
	at com.liqvid.library.MyNXGTestListner.onTestSuccess(MyNXGTestListner.java:96)
	at org.testng.internal.Invoker.runTestListeners(Invoker.java:1695)
	at org.testng.internal.Invoker.runTestListeners(Invoker.java:1675)
	at org.testng.internal.Invoker.invokeMethod(Invoker.java:700)
	at org.testng.internal.Invoker.invokeTestMethod(Invoker.java:820)
	at org.testng.internal.Invoker.invokeTestMethods(Invoker.java:1128)
	at org.testng.internal.TestMethodWorker.invokeTestMethods(TestMethodWorker.java:129)
	at org.testng.internal.TestMethodWorker.run(TestMethodWorker.java:112)
	at org.testng.TestRunner.privateRun(TestRunner.java:782)
	at org.testng.TestRunner.run(TestRunner.java:632)
	at org.testng.SuiteRunner.runTest(SuiteRunner.java:366)
	at org.testng.SuiteRunner.runSequentially(SuiteRunner.java:361)
	at org.testng.SuiteRunner.privateRun(SuiteRunner.java:319)
	at org.testng.SuiteRunner.run(SuiteRunner.java:268)
	at org.testng.SuiteRunnerWorker.runSuite(SuiteRunnerWorker.java:52)
	at org.testng.SuiteRunnerWorker.run(SuiteRunnerWorker.java:86)
	at org.testng.TestNG.runSuitesSequentially(TestNG.java:1244)
	at org.testng.TestNG.runSuitesLocally(TestNG.java:1169)
	at org.testng.TestNG.run(TestNG.java:1064)
	at org.testng.remote.AbstractRemoteTestNG.run(AbstractRemoteTestNG.java:132)
	at org.testng.remote.RemoteTestNG.initAndRun(RemoteTestNG.java:230)
	at org.testng.remote.RemoteTestNG.main(RemoteTestNG.java:76)
]]>
    </error>
  </testcase> <!-- testTeacherProfilepageElement -->
  <testcase name="testGettingDirections" time="140.300" classname="com.liqvid.scripts.TeacherPageLevelTest"/>
  <testcase name="testTellingTime" time="140.628" classname="com.liqvid.scripts.TeacherPageLevelTest"/>
  <testcase name="testPoliteConversation" time="134.070" classname="com.liqvid.scripts.TeacherPageLevelTest"/>
</testsuite> <!-- com.liqvid.scripts.TeacherPageLevelTest -->
